<?xml version="1.0" encoding="UTF-8"?>
<testng-results skipped="0" failed="10" total="62" passed="52">
  <reporter-output>
  </reporter-output>
  <suite name="TmpSuite" duration-ms="72776" started-at="2016-04-14T13:32:30Z" finished-at="2016-04-14T13:33:43Z">
    <groups>
    </groups>
    <test name="TmpTest" duration-ms="30582" started-at="2016-04-14T13:32:30Z" finished-at="2016-04-14T13:33:00Z">
      <class name="com.edifecs.breathe.qa.testcases.TestHealthRiskAssessment">
        <test-method status="PASS" signature="startApp()[pri:0, instance:com.edifecs.breathe.qa.testcases.TestHealthRiskAssessment@41310b39]" name="startApp" is-config="true" duration-ms="30464" started-at="2016-04-14T19:02:30Z" finished-at="2016-04-14T19:03:00Z">
          <reporter-output>
          </reporter-output>
        </test-method> <!-- startApp -->
        <test-method status="FAIL" signature="verifybuttonstatus()[pri:2, instance:com.edifecs.breathe.qa.testcases.TestHealthRiskAssessment@41310b39]" name="verifybuttonstatus" duration-ms="108" started-at="2016-04-14T19:03:00Z" finished-at="2016-04-14T19:03:00Z">
          <exception class="java.lang.AssertionError">
            <message>
              <![CDATA[expected [Not Completed] but found [NOT COMPLETED]]]>
            </message>
            <full-stacktrace>
              <![CDATA[java.lang.AssertionError: expected [Not Completed] but found [NOT COMPLETED]
	at org.testng.Assert.fail(Assert.java:94)
	at org.testng.Assert.failNotEquals(Assert.java:496)
	at org.testng.Assert.assertEquals(Assert.java:125)
	at org.testng.Assert.assertEquals(Assert.java:178)
	at org.testng.Assert.assertEquals(Assert.java:188)
	at com.edifecs.breathe.qa.testcases.TestHealthRiskAssessment.verifybuttonstatus(TestHealthRiskAssessment.java:86)
	at sun.reflect.NativeMethodAccessorImpl.invoke0(Native Method)
	at sun.reflect.NativeMethodAccessorImpl.invoke(NativeMethodAccessorImpl.java:57)
	at sun.reflect.DelegatingMethodAccessorImpl.invoke(DelegatingMethodAccessorImpl.java:43)
	at java.lang.reflect.Method.invoke(Method.java:606)
	at org.testng.internal.MethodInvocationHelper.invokeMethod(MethodInvocationHelper.java:85)
	at org.testng.internal.Invoker.invokeMethod(Invoker.java:639)
	at org.testng.internal.Invoker.invokeTestMethod(Invoker.java:816)
	at org.testng.internal.Invoker.invokeTestMethods(Invoker.java:1124)
	at org.testng.internal.TestMethodWorker.invokeTestMethods(TestMethodWorker.java:125)
	at org.testng.internal.TestMethodWorker.run(TestMethodWorker.java:108)
	at org.testng.TestRunner.privateRun(TestRunner.java:774)
	at org.testng.TestRunner.run(TestRunner.java:624)
	at org.testng.SuiteRunner.runTest(SuiteRunner.java:359)
	at org.testng.SuiteRunner.runSequentially(SuiteRunner.java:354)
	at org.testng.SuiteRunner.privateRun(SuiteRunner.java:312)
	at org.testng.SuiteRunner.run(SuiteRunner.java:261)
	at org.testng.SuiteRunnerWorker.runSuite(SuiteRunnerWorker.java:52)
	at org.testng.SuiteRunnerWorker.run(SuiteRunnerWorker.java:86)
	at org.testng.TestNG.runSuitesSequentially(TestNG.java:1191)
	at org.testng.TestNG.runSuitesLocally(TestNG.java:1116)
	at org.testng.TestNG.run(TestNG.java:1024)
	at com.edifecs.breathe.qa.testcases.RunTests.main(RunTests.java:102)
	at sun.reflect.NativeMethodAccessorImpl.invoke0(Native Method)
	at sun.reflect.NativeMethodAccessorImpl.invoke(NativeMethodAccessorImpl.java:57)
	at sun.reflect.DelegatingMethodAccessorImpl.invoke(DelegatingMethodAccessorImpl.java:43)
	at java.lang.reflect.Method.invoke(Method.java:606)
	at com.intellij.rt.execution.application.AppMain.main(AppMain.java:144)
]]>
            </full-stacktrace>
          </exception> <!-- java.lang.AssertionError -->
          <reporter-output>
          </reporter-output>
        </test-method> <!-- verifybuttonstatus -->
        <test-method status="PASS" signature="verifyQuestionTitle()[pri:1, instance:com.edifecs.breathe.qa.testcases.TestHealthRiskAssessment@41310b39]" name="verifyQuestionTitle" duration-ms="0" started-at="2016-04-14T19:03:00Z" finished-at="2016-04-14T19:03:00Z">
          <reporter-output>
          </reporter-output>
        </test-method> <!-- verifyQuestionTitle -->
      </class> <!-- com.edifecs.breathe.qa.testcases.TestHealthRiskAssessment -->
    </test> <!-- TmpTest -->
    <test name="Scenario1_Test1" duration-ms="314" started-at="2016-04-14T13:33:00Z" finished-at="2016-04-14T13:33:01Z">
      <class name="com.edifecs.breathe.qa.testcases.TestStartHealthRiskAssessment">
        <test-method status="PASS" signature="startQuesttionaire()[pri:0, instance:com.edifecs.breathe.qa.testcases.TestStartHealthRiskAssessment@5a4ed947]" name="startQuesttionaire" is-config="true" duration-ms="313" started-at="2016-04-14T19:03:00Z" finished-at="2016-04-14T19:03:01Z">
          <reporter-output>
          </reporter-output>
        </test-method> <!-- startQuesttionaire -->
        <test-method status="PASS" signature="verifyQuestionTitle()[pri:1, instance:com.edifecs.breathe.qa.testcases.TestStartHealthRiskAssessment@5a4ed947]" name="verifyQuestionTitle" duration-ms="0" started-at="2016-04-14T19:03:01Z" finished-at="2016-04-14T19:03:01Z">
          <reporter-output>
          </reporter-output>
        </test-method> <!-- verifyQuestionTitle -->
      </class> <!-- com.edifecs.breathe.qa.testcases.TestStartHealthRiskAssessment -->
    </test> <!-- Scenario1_Test1 -->
    <test name="Scenario1_Test2" duration-ms="2630" started-at="2016-04-14T13:33:01Z" finished-at="2016-04-14T13:33:03Z">
      <class name="com.edifecs.breathe.qa.testcases.TestHealthAssessmentQuestions">
        <test-method status="PASS" signature="setBeforeTest()[pri:0, instance:com.edifecs.breathe.qa.testcases.TestHealthAssessmentQuestions@1bfde48c]" name="setBeforeTest" is-config="true" duration-ms="1204" started-at="2016-04-14T19:03:01Z" finished-at="2016-04-14T19:03:02Z">
          <reporter-output>
          </reporter-output>
        </test-method> <!-- setBeforeTest -->
        <test-method status="PASS" signature="verifyQuestionTitle()[pri:1, instance:com.edifecs.breathe.qa.testcases.TestHealthAssessmentQuestions@1bfde48c]" name="verifyQuestionTitle" duration-ms="81" started-at="2016-04-14T19:03:02Z" finished-at="2016-04-14T19:03:02Z">
          <reporter-output>
          </reporter-output>
        </test-method> <!-- verifyQuestionTitle -->
        <test-method status="PASS" signature="verifyAnswerOptionsCount()[pri:2, instance:com.edifecs.breathe.qa.testcases.TestHealthAssessmentQuestions@1bfde48c]" name="verifyAnswerOptionsCount" duration-ms="0" started-at="2016-04-14T19:03:02Z" finished-at="2016-04-14T19:03:02Z">
          <reporter-output>
          </reporter-output>
        </test-method> <!-- verifyAnswerOptionsCount -->
        <test-method status="PASS" signature="verifyAnswersText()[pri:3, instance:com.edifecs.breathe.qa.testcases.TestHealthAssessmentQuestions@1bfde48c]" name="verifyAnswersText" duration-ms="359" started-at="2016-04-14T19:03:02Z" finished-at="2016-04-14T19:03:02Z">
          <reporter-output>
          </reporter-output>
        </test-method> <!-- verifyAnswersText -->
        <test-method status="PASS" signature="verifyRadioAnswerSelection()[pri:4, instance:com.edifecs.breathe.qa.testcases.TestHealthAssessmentQuestions@1bfde48c]" name="verifyRadioAnswerSelection" duration-ms="671" started-at="2016-04-14T19:03:02Z" finished-at="2016-04-14T19:03:03Z">
          <reporter-output>
          </reporter-output>
        </test-method> <!-- verifyRadioAnswerSelection -->
        <test-method status="PASS" signature="moveToNextQuestion()[pri:0, instance:com.edifecs.breathe.qa.testcases.TestHealthAssessmentQuestions@1bfde48c]" name="moveToNextQuestion" is-config="true" duration-ms="311" started-at="2016-04-14T19:03:03Z" finished-at="2016-04-14T19:03:03Z">
          <reporter-output>
          </reporter-output>
        </test-method> <!-- moveToNextQuestion -->
      </class> <!-- com.edifecs.breathe.qa.testcases.TestHealthAssessmentQuestions -->
    </test> <!-- Scenario1_Test2 -->
    <test name="Scenario1_Test3" duration-ms="2667" started-at="2016-04-14T13:33:03Z" finished-at="2016-04-14T13:33:06Z">
      <class name="com.edifecs.breathe.qa.testcases.TestHealthAssessmentQuestions">
        <test-method status="PASS" signature="setBeforeTest()[pri:0, instance:com.edifecs.breathe.qa.testcases.TestHealthAssessmentQuestions@1c3a0d86]" name="setBeforeTest" is-config="true" duration-ms="1227" started-at="2016-04-14T19:03:03Z" finished-at="2016-04-14T19:03:05Z">
          <reporter-output>
          </reporter-output>
        </test-method> <!-- setBeforeTest -->
        <test-method status="PASS" signature="verifyQuestionTitle()[pri:1, instance:com.edifecs.breathe.qa.testcases.TestHealthAssessmentQuestions@1c3a0d86]" name="verifyQuestionTitle" duration-ms="48" started-at="2016-04-14T19:03:05Z" finished-at="2016-04-14T19:03:05Z">
          <reporter-output>
          </reporter-output>
        </test-method> <!-- verifyQuestionTitle -->
        <test-method status="PASS" signature="verifyAnswerOptionsCount()[pri:2, instance:com.edifecs.breathe.qa.testcases.TestHealthAssessmentQuestions@1c3a0d86]" name="verifyAnswerOptionsCount" duration-ms="0" started-at="2016-04-14T19:03:05Z" finished-at="2016-04-14T19:03:05Z">
          <reporter-output>
          </reporter-output>
        </test-method> <!-- verifyAnswerOptionsCount -->
        <test-method status="PASS" signature="verifyAnswersText()[pri:3, instance:com.edifecs.breathe.qa.testcases.TestHealthAssessmentQuestions@1c3a0d86]" name="verifyAnswersText" duration-ms="334" started-at="2016-04-14T19:03:05Z" finished-at="2016-04-14T19:03:05Z">
          <reporter-output>
          </reporter-output>
        </test-method> <!-- verifyAnswersText -->
        <test-method status="PASS" signature="verifyRadioAnswerSelection()[pri:4, instance:com.edifecs.breathe.qa.testcases.TestHealthAssessmentQuestions@1c3a0d86]" name="verifyRadioAnswerSelection" duration-ms="632" started-at="2016-04-14T19:03:05Z" finished-at="2016-04-14T19:03:06Z">
          <reporter-output>
          </reporter-output>
        </test-method> <!-- verifyRadioAnswerSelection -->
        <test-method status="PASS" signature="moveToNextQuestion()[pri:0, instance:com.edifecs.breathe.qa.testcases.TestHealthAssessmentQuestions@1c3a0d86]" name="moveToNextQuestion" is-config="true" duration-ms="423" started-at="2016-04-14T19:03:06Z" finished-at="2016-04-14T19:03:06Z">
          <reporter-output>
          </reporter-output>
        </test-method> <!-- moveToNextQuestion -->
      </class> <!-- com.edifecs.breathe.qa.testcases.TestHealthAssessmentQuestions -->
    </test> <!-- Scenario1_Test3 -->
    <test name="Scenario1_Test4" duration-ms="2193" started-at="2016-04-14T13:33:06Z" finished-at="2016-04-14T13:33:08Z">
      <class name="com.edifecs.breathe.qa.testcases.TestHealthAssessmentQuestions">
        <test-method status="PASS" signature="setBeforeTest()[pri:0, instance:com.edifecs.breathe.qa.testcases.TestHealthAssessmentQuestions@7c30e29c]" name="setBeforeTest" is-config="true" duration-ms="706" started-at="2016-04-14T19:03:06Z" finished-at="2016-04-14T19:03:07Z">
          <reporter-output>
          </reporter-output>
        </test-method> <!-- setBeforeTest -->
        <test-method status="PASS" signature="verifyQuestionTitle()[pri:1, instance:com.edifecs.breathe.qa.testcases.TestHealthAssessmentQuestions@7c30e29c]" name="verifyQuestionTitle" duration-ms="50" started-at="2016-04-14T19:03:07Z" finished-at="2016-04-14T19:03:07Z">
          <reporter-output>
          </reporter-output>
        </test-method> <!-- verifyQuestionTitle -->
        <test-method status="PASS" signature="verifyAnswersText()[pri:3, instance:com.edifecs.breathe.qa.testcases.TestHealthAssessmentQuestions@7c30e29c]" name="verifyAnswersText" duration-ms="338" started-at="2016-04-14T19:03:07Z" finished-at="2016-04-14T19:03:07Z">
          <reporter-output>
          </reporter-output>
        </test-method> <!-- verifyAnswersText -->
        <test-method status="FAIL" signature="verifyAnswerOptionsCount()[pri:2, instance:com.edifecs.breathe.qa.testcases.TestHealthAssessmentQuestions@7c30e29c]" name="verifyAnswerOptionsCount" duration-ms="0" started-at="2016-04-14T19:03:07Z" finished-at="2016-04-14T19:03:07Z">
          <exception class="java.lang.AssertionError">
            <message>
              <![CDATA[expected [0] but found [5]]]>
            </message>
            <full-stacktrace>
              <![CDATA[java.lang.AssertionError: expected [0] but found [5]
	at org.testng.Assert.fail(Assert.java:94)
	at org.testng.Assert.failNotEquals(Assert.java:496)
	at org.testng.Assert.assertEquals(Assert.java:125)
	at org.testng.Assert.assertEquals(Assert.java:372)
	at org.testng.Assert.assertEquals(Assert.java:382)
	at com.edifecs.breathe.qa.testcases.TestHealthAssessmentQuestions.verifyAnswerOptionsCount(TestHealthAssessmentQuestions.java:67)
	at sun.reflect.NativeMethodAccessorImpl.invoke0(Native Method)
	at sun.reflect.NativeMethodAccessorImpl.invoke(NativeMethodAccessorImpl.java:57)
	at sun.reflect.DelegatingMethodAccessorImpl.invoke(DelegatingMethodAccessorImpl.java:43)
	at java.lang.reflect.Method.invoke(Method.java:606)
	at org.testng.internal.MethodInvocationHelper.invokeMethod(MethodInvocationHelper.java:85)
	at org.testng.internal.Invoker.invokeMethod(Invoker.java:639)
	at org.testng.internal.Invoker.invokeTestMethod(Invoker.java:816)
	at org.testng.internal.Invoker.invokeTestMethods(Invoker.java:1124)
	at org.testng.internal.TestMethodWorker.invokeTestMethods(TestMethodWorker.java:125)
	at org.testng.internal.TestMethodWorker.run(TestMethodWorker.java:108)
	at org.testng.TestRunner.privateRun(TestRunner.java:774)
	at org.testng.TestRunner.run(TestRunner.java:624)
	at org.testng.SuiteRunner.runTest(SuiteRunner.java:359)
	at org.testng.SuiteRunner.runSequentially(SuiteRunner.java:354)
	at org.testng.SuiteRunner.privateRun(SuiteRunner.java:312)
	at org.testng.SuiteRunner.run(SuiteRunner.java:261)
	at org.testng.SuiteRunnerWorker.runSuite(SuiteRunnerWorker.java:52)
	at org.testng.SuiteRunnerWorker.run(SuiteRunnerWorker.java:86)
	at org.testng.TestNG.runSuitesSequentially(TestNG.java:1191)
	at org.testng.TestNG.runSuitesLocally(TestNG.java:1116)
	at org.testng.TestNG.run(TestNG.java:1024)
	at com.edifecs.breathe.qa.testcases.RunTests.main(RunTests.java:102)
	at sun.reflect.NativeMethodAccessorImpl.invoke0(Native Method)
	at sun.reflect.NativeMethodAccessorImpl.invoke(NativeMethodAccessorImpl.java:57)
	at sun.reflect.DelegatingMethodAccessorImpl.invoke(DelegatingMethodAccessorImpl.java:43)
	at java.lang.reflect.Method.invoke(Method.java:606)
	at com.intellij.rt.execution.application.AppMain.main(AppMain.java:144)
]]>
            </full-stacktrace>
          </exception> <!-- java.lang.AssertionError -->
          <reporter-output>
          </reporter-output>
        </test-method> <!-- verifyAnswerOptionsCount -->
        <test-method status="PASS" signature="verifyRadioAnswerSelection()[pri:4, instance:com.edifecs.breathe.qa.testcases.TestHealthAssessmentQuestions@7c30e29c]" name="verifyRadioAnswerSelection" duration-ms="662" started-at="2016-04-14T19:03:07Z" finished-at="2016-04-14T19:03:08Z">
          <reporter-output>
          </reporter-output>
        </test-method> <!-- verifyRadioAnswerSelection -->
        <test-method status="PASS" signature="moveToNextQuestion()[pri:0, instance:com.edifecs.breathe.qa.testcases.TestHealthAssessmentQuestions@7c30e29c]" name="moveToNextQuestion" is-config="true" duration-ms="434" started-at="2016-04-14T19:03:08Z" finished-at="2016-04-14T19:03:08Z">
          <reporter-output>
          </reporter-output>
        </test-method> <!-- moveToNextQuestion -->
      </class> <!-- com.edifecs.breathe.qa.testcases.TestHealthAssessmentQuestions -->
    </test> <!-- Scenario1_Test4 -->
    <test name="Scenario1_Test5" duration-ms="691" started-at="2016-04-14T13:33:08Z" finished-at="2016-04-14T13:33:09Z">
      <class name="com.edifecs.breathe.qa.testcases.TestHealthRiskAssessmentSubmit">
        <test-method status="PASS" signature="startscore()[pri:0, instance:com.edifecs.breathe.qa.testcases.TestHealthRiskAssessmentSubmit@1d56ac0]" name="startscore" is-config="true" duration-ms="0" started-at="2016-04-14T19:03:08Z" finished-at="2016-04-14T19:03:08Z">
          <reporter-output>
          </reporter-output>
        </test-method> <!-- startscore -->
        <test-method status="FAIL" signature="verifyscore()[pri:1, instance:com.edifecs.breathe.qa.testcases.TestHealthRiskAssessmentSubmit@1d56ac0]" name="verifyscore" duration-ms="527" started-at="2016-04-14T19:03:08Z" finished-at="2016-04-14T19:03:09Z">
          <exception class="java.lang.AssertionError">
            <message>
              <![CDATA[expected [3.0] but found [6.57]]]>
            </message>
            <full-stacktrace>
              <![CDATA[java.lang.AssertionError: expected [3.0] but found [6.57]
	at org.testng.Assert.fail(Assert.java:94)
	at org.testng.Assert.failNotEquals(Assert.java:496)
	at org.testng.Assert.assertEquals(Assert.java:125)
	at org.testng.Assert.assertEquals(Assert.java:167)
	at com.edifecs.breathe.qa.testcases.TestHealthRiskAssessmentSubmit.verifyscore(TestHealthRiskAssessmentSubmit.java:39)
	at sun.reflect.NativeMethodAccessorImpl.invoke0(Native Method)
	at sun.reflect.NativeMethodAccessorImpl.invoke(NativeMethodAccessorImpl.java:57)
	at sun.reflect.DelegatingMethodAccessorImpl.invoke(DelegatingMethodAccessorImpl.java:43)
	at java.lang.reflect.Method.invoke(Method.java:606)
	at org.testng.internal.MethodInvocationHelper.invokeMethod(MethodInvocationHelper.java:85)
	at org.testng.internal.Invoker.invokeMethod(Invoker.java:639)
	at org.testng.internal.Invoker.invokeTestMethod(Invoker.java:816)
	at org.testng.internal.Invoker.invokeTestMethods(Invoker.java:1124)
	at org.testng.internal.TestMethodWorker.invokeTestMethods(TestMethodWorker.java:125)
	at org.testng.internal.TestMethodWorker.run(TestMethodWorker.java:108)
	at org.testng.TestRunner.privateRun(TestRunner.java:774)
	at org.testng.TestRunner.run(TestRunner.java:624)
	at org.testng.SuiteRunner.runTest(SuiteRunner.java:359)
	at org.testng.SuiteRunner.runSequentially(SuiteRunner.java:354)
	at org.testng.SuiteRunner.privateRun(SuiteRunner.java:312)
	at org.testng.SuiteRunner.run(SuiteRunner.java:261)
	at org.testng.SuiteRunnerWorker.runSuite(SuiteRunnerWorker.java:52)
	at org.testng.SuiteRunnerWorker.run(SuiteRunnerWorker.java:86)
	at org.testng.TestNG.runSuitesSequentially(TestNG.java:1191)
	at org.testng.TestNG.runSuitesLocally(TestNG.java:1116)
	at org.testng.TestNG.run(TestNG.java:1024)
	at com.edifecs.breathe.qa.testcases.RunTests.main(RunTests.java:102)
	at sun.reflect.NativeMethodAccessorImpl.invoke0(Native Method)
	at sun.reflect.NativeMethodAccessorImpl.invoke(NativeMethodAccessorImpl.java:57)
	at sun.reflect.DelegatingMethodAccessorImpl.invoke(DelegatingMethodAccessorImpl.java:43)
	at java.lang.reflect.Method.invoke(Method.java:606)
	at com.intellij.rt.execution.application.AppMain.main(AppMain.java:144)
]]>
            </full-stacktrace>
          </exception> <!-- java.lang.AssertionError -->
          <reporter-output>
          </reporter-output>
        </test-method> <!-- verifyscore -->
        <test-method status="PASS" signature="verifybuttonstatus()[pri:2, instance:com.edifecs.breathe.qa.testcases.TestHealthRiskAssessmentSubmit@1d56ac0]" name="verifybuttonstatus" duration-ms="162" started-at="2016-04-14T19:03:09Z" finished-at="2016-04-14T19:03:09Z">
          <reporter-output>
          </reporter-output>
        </test-method> <!-- verifybuttonstatus -->
        <test-method status="PASS" signature="nextScenario()[pri:0, instance:com.edifecs.breathe.qa.testcases.TestHealthRiskAssessmentSubmit@1d56ac0]" name="nextScenario" is-config="true" duration-ms="0" started-at="2016-04-14T19:03:09Z" finished-at="2016-04-14T19:03:09Z">
          <reporter-output>
          </reporter-output>
        </test-method> <!-- nextScenario -->
      </class> <!-- com.edifecs.breathe.qa.testcases.TestHealthRiskAssessmentSubmit -->
    </test> <!-- Scenario1_Test5 -->
    <test name="Scenario2_Test1" duration-ms="351" started-at="2016-04-14T13:33:09Z" finished-at="2016-04-14T13:33:09Z">
      <class name="com.edifecs.breathe.qa.testcases.TestStartHealthRiskAssessment">
        <test-method status="PASS" signature="startQuesttionaire()[pri:0, instance:com.edifecs.breathe.qa.testcases.TestStartHealthRiskAssessment@517f562e]" name="startQuesttionaire" is-config="true" duration-ms="351" started-at="2016-04-14T19:03:09Z" finished-at="2016-04-14T19:03:09Z">
          <reporter-output>
          </reporter-output>
        </test-method> <!-- startQuesttionaire -->
        <test-method status="PASS" signature="verifyQuestionTitle()[pri:1, instance:com.edifecs.breathe.qa.testcases.TestStartHealthRiskAssessment@517f562e]" name="verifyQuestionTitle" duration-ms="0" started-at="2016-04-14T19:03:09Z" finished-at="2016-04-14T19:03:09Z">
          <reporter-output>
          </reporter-output>
        </test-method> <!-- verifyQuestionTitle -->
      </class> <!-- com.edifecs.breathe.qa.testcases.TestStartHealthRiskAssessment -->
    </test> <!-- Scenario2_Test1 -->
    <test name="Scenario2_Test2" duration-ms="2867" started-at="2016-04-14T13:33:09Z" finished-at="2016-04-14T13:33:12Z">
      <class name="com.edifecs.breathe.qa.testcases.TestHealthAssessmentQuestions">
        <test-method status="PASS" signature="setBeforeTest()[pri:0, instance:com.edifecs.breathe.qa.testcases.TestHealthAssessmentQuestions@39cab80e]" name="setBeforeTest" is-config="true" duration-ms="1187" started-at="2016-04-14T19:03:09Z" finished-at="2016-04-14T19:03:10Z">
          <reporter-output>
          </reporter-output>
        </test-method> <!-- setBeforeTest -->
        <test-method status="PASS" signature="verifyQuestionTitle()[pri:1, instance:com.edifecs.breathe.qa.testcases.TestHealthAssessmentQuestions@39cab80e]" name="verifyQuestionTitle" duration-ms="32" started-at="2016-04-14T19:03:10Z" finished-at="2016-04-14T19:03:10Z">
          <reporter-output>
          </reporter-output>
        </test-method> <!-- verifyQuestionTitle -->
        <test-method status="PASS" signature="verifyAnswersText()[pri:3, instance:com.edifecs.breathe.qa.testcases.TestHealthAssessmentQuestions@39cab80e]" name="verifyAnswersText" duration-ms="764" started-at="2016-04-14T19:03:10Z" finished-at="2016-04-14T19:03:11Z">
          <reporter-output>
          </reporter-output>
        </test-method> <!-- verifyAnswersText -->
        <test-method status="PASS" signature="verifyAnswerOptionsCount()[pri:2, instance:com.edifecs.breathe.qa.testcases.TestHealthAssessmentQuestions@39cab80e]" name="verifyAnswerOptionsCount" duration-ms="0" started-at="2016-04-14T19:03:10Z" finished-at="2016-04-14T19:03:10Z">
          <reporter-output>
          </reporter-output>
        </test-method> <!-- verifyAnswerOptionsCount -->
        <test-method status="PASS" signature="verifyRadioAnswerSelection()[pri:4, instance:com.edifecs.breathe.qa.testcases.TestHealthAssessmentQuestions@39cab80e]" name="verifyRadioAnswerSelection" duration-ms="633" started-at="2016-04-14T19:03:11Z" finished-at="2016-04-14T19:03:12Z">
          <reporter-output>
          </reporter-output>
        </test-method> <!-- verifyRadioAnswerSelection -->
        <test-method status="PASS" signature="moveToNextQuestion()[pri:0, instance:com.edifecs.breathe.qa.testcases.TestHealthAssessmentQuestions@39cab80e]" name="moveToNextQuestion" is-config="true" duration-ms="250" started-at="2016-04-14T19:03:12Z" finished-at="2016-04-14T19:03:12Z">
          <reporter-output>
          </reporter-output>
        </test-method> <!-- moveToNextQuestion -->
      </class> <!-- com.edifecs.breathe.qa.testcases.TestHealthAssessmentQuestions -->
    </test> <!-- Scenario2_Test2 -->
    <test name="Scenario2_Test3" duration-ms="3171" started-at="2016-04-14T13:33:12Z" finished-at="2016-04-14T13:33:15Z">
      <class name="com.edifecs.breathe.qa.testcases.TestHealthAssessmentQuestions">
        <test-method status="PASS" signature="setBeforeTest()[pri:0, instance:com.edifecs.breathe.qa.testcases.TestHealthAssessmentQuestions@2c17277b]" name="setBeforeTest" is-config="true" duration-ms="1315" started-at="2016-04-14T19:03:12Z" finished-at="2016-04-14T19:03:13Z">
          <reporter-output>
          </reporter-output>
        </test-method> <!-- setBeforeTest -->
        <test-method status="PASS" signature="verifyQuestionTitle()[pri:1, instance:com.edifecs.breathe.qa.testcases.TestHealthAssessmentQuestions@2c17277b]" name="verifyQuestionTitle" duration-ms="123" started-at="2016-04-14T19:03:13Z" finished-at="2016-04-14T19:03:14Z">
          <reporter-output>
          </reporter-output>
        </test-method> <!-- verifyQuestionTitle -->
        <test-method status="PASS" signature="verifyAnswersText()[pri:3, instance:com.edifecs.breathe.qa.testcases.TestHealthAssessmentQuestions@2c17277b]" name="verifyAnswersText" duration-ms="763" started-at="2016-04-14T19:03:14Z" finished-at="2016-04-14T19:03:14Z">
          <reporter-output>
          </reporter-output>
        </test-method> <!-- verifyAnswersText -->
        <test-method status="PASS" signature="verifyAnswerOptionsCount()[pri:2, instance:com.edifecs.breathe.qa.testcases.TestHealthAssessmentQuestions@2c17277b]" name="verifyAnswerOptionsCount" duration-ms="0" started-at="2016-04-14T19:03:14Z" finished-at="2016-04-14T19:03:14Z">
          <reporter-output>
          </reporter-output>
        </test-method> <!-- verifyAnswerOptionsCount -->
        <test-method status="PASS" signature="verifyRadioAnswerSelection()[pri:4, instance:com.edifecs.breathe.qa.testcases.TestHealthAssessmentQuestions@2c17277b]" name="verifyRadioAnswerSelection" duration-ms="701" started-at="2016-04-14T19:03:14Z" finished-at="2016-04-14T19:03:15Z">
          <reporter-output>
          </reporter-output>
        </test-method> <!-- verifyRadioAnswerSelection -->
        <test-method status="PASS" signature="moveToNextQuestion()[pri:0, instance:com.edifecs.breathe.qa.testcases.TestHealthAssessmentQuestions@2c17277b]" name="moveToNextQuestion" is-config="true" duration-ms="268" started-at="2016-04-14T19:03:15Z" finished-at="2016-04-14T19:03:15Z">
          <reporter-output>
          </reporter-output>
        </test-method> <!-- moveToNextQuestion -->
      </class> <!-- com.edifecs.breathe.qa.testcases.TestHealthAssessmentQuestions -->
    </test> <!-- Scenario2_Test3 -->
    <test name="Scenario2_Test4" duration-ms="5418" started-at="2016-04-14T13:33:15Z" finished-at="2016-04-14T13:33:21Z">
      <class name="com.edifecs.breathe.qa.testcases.TestHealthAssessmentQuestions">
        <test-method status="PASS" signature="setBeforeTest()[pri:0, instance:com.edifecs.breathe.qa.testcases.TestHealthAssessmentQuestions@34e989bd]" name="setBeforeTest" is-config="true" duration-ms="1227" started-at="2016-04-14T19:03:15Z" finished-at="2016-04-14T19:03:17Z">
          <reporter-output>
          </reporter-output>
        </test-method> <!-- setBeforeTest -->
        <test-method status="PASS" signature="verifyQuestionTitle()[pri:1, instance:com.edifecs.breathe.qa.testcases.TestHealthAssessmentQuestions@34e989bd]" name="verifyQuestionTitle" duration-ms="131" started-at="2016-04-14T19:03:17Z" finished-at="2016-04-14T19:03:17Z">
          <reporter-output>
          </reporter-output>
        </test-method> <!-- verifyQuestionTitle -->
        <test-method status="FAIL" signature="verifyAnswerOptionsCount()[pri:2, instance:com.edifecs.breathe.qa.testcases.TestHealthAssessmentQuestions@34e989bd]" name="verifyAnswerOptionsCount" duration-ms="0" started-at="2016-04-14T19:03:17Z" finished-at="2016-04-14T19:03:17Z">
          <exception class="java.lang.AssertionError">
            <message>
              <![CDATA[expected [0] but found [5]]]>
            </message>
            <full-stacktrace>
              <![CDATA[java.lang.AssertionError: expected [0] but found [5]
	at org.testng.Assert.fail(Assert.java:94)
	at org.testng.Assert.failNotEquals(Assert.java:496)
	at org.testng.Assert.assertEquals(Assert.java:125)
	at org.testng.Assert.assertEquals(Assert.java:372)
	at org.testng.Assert.assertEquals(Assert.java:382)
	at com.edifecs.breathe.qa.testcases.TestHealthAssessmentQuestions.verifyAnswerOptionsCount(TestHealthAssessmentQuestions.java:67)
	at sun.reflect.NativeMethodAccessorImpl.invoke0(Native Method)
	at sun.reflect.NativeMethodAccessorImpl.invoke(NativeMethodAccessorImpl.java:57)
	at sun.reflect.DelegatingMethodAccessorImpl.invoke(DelegatingMethodAccessorImpl.java:43)
	at java.lang.reflect.Method.invoke(Method.java:606)
	at org.testng.internal.MethodInvocationHelper.invokeMethod(MethodInvocationHelper.java:85)
	at org.testng.internal.Invoker.invokeMethod(Invoker.java:639)
	at org.testng.internal.Invoker.invokeTestMethod(Invoker.java:816)
	at org.testng.internal.Invoker.invokeTestMethods(Invoker.java:1124)
	at org.testng.internal.TestMethodWorker.invokeTestMethods(TestMethodWorker.java:125)
	at org.testng.internal.TestMethodWorker.run(TestMethodWorker.java:108)
	at org.testng.TestRunner.privateRun(TestRunner.java:774)
	at org.testng.TestRunner.run(TestRunner.java:624)
	at org.testng.SuiteRunner.runTest(SuiteRunner.java:359)
	at org.testng.SuiteRunner.runSequentially(SuiteRunner.java:354)
	at org.testng.SuiteRunner.privateRun(SuiteRunner.java:312)
	at org.testng.SuiteRunner.run(SuiteRunner.java:261)
	at org.testng.SuiteRunnerWorker.runSuite(SuiteRunnerWorker.java:52)
	at org.testng.SuiteRunnerWorker.run(SuiteRunnerWorker.java:86)
	at org.testng.TestNG.runSuitesSequentially(TestNG.java:1191)
	at org.testng.TestNG.runSuitesLocally(TestNG.java:1116)
	at org.testng.TestNG.run(TestNG.java:1024)
	at com.edifecs.breathe.qa.testcases.RunTests.main(RunTests.java:102)
	at sun.reflect.NativeMethodAccessorImpl.invoke0(Native Method)
	at sun.reflect.NativeMethodAccessorImpl.invoke(NativeMethodAccessorImpl.java:57)
	at sun.reflect.DelegatingMethodAccessorImpl.invoke(DelegatingMethodAccessorImpl.java:43)
	at java.lang.reflect.Method.invoke(Method.java:606)
	at com.intellij.rt.execution.application.AppMain.main(AppMain.java:144)
]]>
            </full-stacktrace>
          </exception> <!-- java.lang.AssertionError -->
          <reporter-output>
          </reporter-output>
        </test-method> <!-- verifyAnswerOptionsCount -->
        <test-method status="PASS" signature="verifyAnswersText()[pri:3, instance:com.edifecs.breathe.qa.testcases.TestHealthAssessmentQuestions@34e989bd]" name="verifyAnswersText" duration-ms="293" started-at="2016-04-14T19:03:17Z" finished-at="2016-04-14T19:03:17Z">
          <reporter-output>
          </reporter-output>
        </test-method> <!-- verifyAnswersText -->
        <test-method status="FAIL" signature="verifyRadioAnswerSelection()[pri:4, instance:com.edifecs.breathe.qa.testcases.TestHealthAssessmentQuestions@34e989bd]" name="verifyRadioAnswerSelection" duration-ms="626" started-at="2016-04-14T19:03:17Z" finished-at="2016-04-14T19:03:18Z">
          <exception class="java.lang.AssertionError">
            <message>
              <![CDATA[expected [true] but found [false]]]>
            </message>
            <full-stacktrace>
              <![CDATA[java.lang.AssertionError: expected [true] but found [false]
	at org.testng.Assert.fail(Assert.java:94)
	at org.testng.Assert.failNotEquals(Assert.java:496)
	at org.testng.Assert.assertEquals(Assert.java:125)
	at org.testng.Assert.assertEquals(Assert.java:178)
	at org.testng.Assert.assertEquals(Assert.java:188)
	at com.edifecs.breathe.qa.testcases.TestHealthAssessmentQuestions.verifyRadioAnswerSelection(TestHealthAssessmentQuestions.java:109)
	at sun.reflect.NativeMethodAccessorImpl.invoke0(Native Method)
	at sun.reflect.NativeMethodAccessorImpl.invoke(NativeMethodAccessorImpl.java:57)
	at sun.reflect.DelegatingMethodAccessorImpl.invoke(DelegatingMethodAccessorImpl.java:43)
	at java.lang.reflect.Method.invoke(Method.java:606)
	at org.testng.internal.MethodInvocationHelper.invokeMethod(MethodInvocationHelper.java:85)
	at org.testng.internal.Invoker.invokeMethod(Invoker.java:639)
	at org.testng.internal.Invoker.invokeTestMethod(Invoker.java:816)
	at org.testng.internal.Invoker.invokeTestMethods(Invoker.java:1124)
	at org.testng.internal.TestMethodWorker.invokeTestMethods(TestMethodWorker.java:125)
	at org.testng.internal.TestMethodWorker.run(TestMethodWorker.java:108)
	at org.testng.TestRunner.privateRun(TestRunner.java:774)
	at org.testng.TestRunner.run(TestRunner.java:624)
	at org.testng.SuiteRunner.runTest(SuiteRunner.java:359)
	at org.testng.SuiteRunner.runSequentially(SuiteRunner.java:354)
	at org.testng.SuiteRunner.privateRun(SuiteRunner.java:312)
	at org.testng.SuiteRunner.run(SuiteRunner.java:261)
	at org.testng.SuiteRunnerWorker.runSuite(SuiteRunnerWorker.java:52)
	at org.testng.SuiteRunnerWorker.run(SuiteRunnerWorker.java:86)
	at org.testng.TestNG.runSuitesSequentially(TestNG.java:1191)
	at org.testng.TestNG.runSuitesLocally(TestNG.java:1116)
	at org.testng.TestNG.run(TestNG.java:1024)
	at com.edifecs.breathe.qa.testcases.RunTests.main(RunTests.java:102)
	at sun.reflect.NativeMethodAccessorImpl.invoke0(Native Method)
	at sun.reflect.NativeMethodAccessorImpl.invoke(NativeMethodAccessorImpl.java:57)
	at sun.reflect.DelegatingMethodAccessorImpl.invoke(DelegatingMethodAccessorImpl.java:43)
	at java.lang.reflect.Method.invoke(Method.java:606)
	at com.intellij.rt.execution.application.AppMain.main(AppMain.java:144)
]]>
            </full-stacktrace>
          </exception> <!-- java.lang.AssertionError -->
          <reporter-output>
          </reporter-output>
        </test-method> <!-- verifyRadioAnswerSelection -->
        <test-method status="PASS" signature="moveToNextQuestion()[pri:0, instance:com.edifecs.breathe.qa.testcases.TestHealthAssessmentQuestions@34e989bd]" name="moveToNextQuestion" is-config="true" duration-ms="3139" started-at="2016-04-14T19:03:18Z" finished-at="2016-04-14T19:03:21Z">
          <reporter-output>
          </reporter-output>
        </test-method> <!-- moveToNextQuestion -->
      </class> <!-- com.edifecs.breathe.qa.testcases.TestHealthAssessmentQuestions -->
    </test> <!-- Scenario2_Test4 -->
    <test name="Scenario2_Test5" duration-ms="295" started-at="2016-04-14T13:33:21Z" finished-at="2016-04-14T13:33:21Z">
      <class name="com.edifecs.breathe.qa.testcases.TestHealthRiskAssessmentSubmit">
        <test-method status="PASS" signature="startscore()[pri:0, instance:com.edifecs.breathe.qa.testcases.TestHealthRiskAssessmentSubmit@27c2792c]" name="startscore" is-config="true" duration-ms="0" started-at="2016-04-14T19:03:21Z" finished-at="2016-04-14T19:03:21Z">
          <reporter-output>
          </reporter-output>
        </test-method> <!-- startscore -->
        <test-method status="FAIL" signature="verifyscore()[pri:1, instance:com.edifecs.breathe.qa.testcases.TestHealthRiskAssessmentSubmit@27c2792c]" name="verifyscore" duration-ms="147" started-at="2016-04-14T19:03:21Z" finished-at="2016-04-14T19:03:21Z">
          <exception class="java.lang.AssertionError">
            <message>
              <![CDATA[expected [6.0] but found [6.57]]]>
            </message>
            <full-stacktrace>
              <![CDATA[java.lang.AssertionError: expected [6.0] but found [6.57]
	at org.testng.Assert.fail(Assert.java:94)
	at org.testng.Assert.failNotEquals(Assert.java:496)
	at org.testng.Assert.assertEquals(Assert.java:125)
	at org.testng.Assert.assertEquals(Assert.java:167)
	at com.edifecs.breathe.qa.testcases.TestHealthRiskAssessmentSubmit.verifyscore(TestHealthRiskAssessmentSubmit.java:39)
	at sun.reflect.NativeMethodAccessorImpl.invoke0(Native Method)
	at sun.reflect.NativeMethodAccessorImpl.invoke(NativeMethodAccessorImpl.java:57)
	at sun.reflect.DelegatingMethodAccessorImpl.invoke(DelegatingMethodAccessorImpl.java:43)
	at java.lang.reflect.Method.invoke(Method.java:606)
	at org.testng.internal.MethodInvocationHelper.invokeMethod(MethodInvocationHelper.java:85)
	at org.testng.internal.Invoker.invokeMethod(Invoker.java:639)
	at org.testng.internal.Invoker.invokeTestMethod(Invoker.java:816)
	at org.testng.internal.Invoker.invokeTestMethods(Invoker.java:1124)
	at org.testng.internal.TestMethodWorker.invokeTestMethods(TestMethodWorker.java:125)
	at org.testng.internal.TestMethodWorker.run(TestMethodWorker.java:108)
	at org.testng.TestRunner.privateRun(TestRunner.java:774)
	at org.testng.TestRunner.run(TestRunner.java:624)
	at org.testng.SuiteRunner.runTest(SuiteRunner.java:359)
	at org.testng.SuiteRunner.runSequentially(SuiteRunner.java:354)
	at org.testng.SuiteRunner.privateRun(SuiteRunner.java:312)
	at org.testng.SuiteRunner.run(SuiteRunner.java:261)
	at org.testng.SuiteRunnerWorker.runSuite(SuiteRunnerWorker.java:52)
	at org.testng.SuiteRunnerWorker.run(SuiteRunnerWorker.java:86)
	at org.testng.TestNG.runSuitesSequentially(TestNG.java:1191)
	at org.testng.TestNG.runSuitesLocally(TestNG.java:1116)
	at org.testng.TestNG.run(TestNG.java:1024)
	at com.edifecs.breathe.qa.testcases.RunTests.main(RunTests.java:102)
	at sun.reflect.NativeMethodAccessorImpl.invoke0(Native Method)
	at sun.reflect.NativeMethodAccessorImpl.invoke(NativeMethodAccessorImpl.java:57)
	at sun.reflect.DelegatingMethodAccessorImpl.invoke(DelegatingMethodAccessorImpl.java:43)
	at java.lang.reflect.Method.invoke(Method.java:606)
	at com.intellij.rt.execution.application.AppMain.main(AppMain.java:144)
]]>
            </full-stacktrace>
          </exception> <!-- java.lang.AssertionError -->
          <reporter-output>
          </reporter-output>
        </test-method> <!-- verifyscore -->
        <test-method status="PASS" signature="verifybuttonstatus()[pri:2, instance:com.edifecs.breathe.qa.testcases.TestHealthRiskAssessmentSubmit@27c2792c]" name="verifybuttonstatus" duration-ms="148" started-at="2016-04-14T19:03:21Z" finished-at="2016-04-14T19:03:21Z">
          <reporter-output>
          </reporter-output>
        </test-method> <!-- verifybuttonstatus -->
        <test-method status="PASS" signature="nextScenario()[pri:0, instance:com.edifecs.breathe.qa.testcases.TestHealthRiskAssessmentSubmit@27c2792c]" name="nextScenario" is-config="true" duration-ms="0" started-at="2016-04-14T19:03:21Z" finished-at="2016-04-14T19:03:21Z">
          <reporter-output>
          </reporter-output>
        </test-method> <!-- nextScenario -->
      </class> <!-- com.edifecs.breathe.qa.testcases.TestHealthRiskAssessmentSubmit -->
    </test> <!-- Scenario2_Test5 -->
    <test name="Scenario3_Test1" duration-ms="366" started-at="2016-04-14T13:33:21Z" finished-at="2016-04-14T13:33:21Z">
      <class name="com.edifecs.breathe.qa.testcases.TestStartHealthRiskAssessment">
        <test-method status="PASS" signature="startQuesttionaire()[pri:0, instance:com.edifecs.breathe.qa.testcases.TestStartHealthRiskAssessment@5adacdf4]" name="startQuesttionaire" is-config="true" duration-ms="365" started-at="2016-04-14T19:03:21Z" finished-at="2016-04-14T19:03:21Z">
          <reporter-output>
          </reporter-output>
        </test-method> <!-- startQuesttionaire -->
        <test-method status="PASS" signature="verifyQuestionTitle()[pri:1, instance:com.edifecs.breathe.qa.testcases.TestStartHealthRiskAssessment@5adacdf4]" name="verifyQuestionTitle" duration-ms="1" started-at="2016-04-14T19:03:21Z" finished-at="2016-04-14T19:03:21Z">
          <reporter-output>
          </reporter-output>
        </test-method> <!-- verifyQuestionTitle -->
      </class> <!-- com.edifecs.breathe.qa.testcases.TestStartHealthRiskAssessment -->
    </test> <!-- Scenario3_Test1 -->
    <test name="Scenario3_Test2" duration-ms="2732" started-at="2016-04-14T13:33:21Z" finished-at="2016-04-14T13:33:24Z">
      <class name="com.edifecs.breathe.qa.testcases.TestHealthAssessmentQuestions">
        <test-method status="PASS" signature="setBeforeTest()[pri:0, instance:com.edifecs.breathe.qa.testcases.TestHealthAssessmentQuestions@65ef6939]" name="setBeforeTest" is-config="true" duration-ms="1138" started-at="2016-04-14T19:03:21Z" finished-at="2016-04-14T19:03:23Z">
          <reporter-output>
          </reporter-output>
        </test-method> <!-- setBeforeTest -->
        <test-method status="PASS" signature="verifyQuestionTitle()[pri:1, instance:com.edifecs.breathe.qa.testcases.TestHealthAssessmentQuestions@65ef6939]" name="verifyQuestionTitle" duration-ms="68" started-at="2016-04-14T19:03:23Z" finished-at="2016-04-14T19:03:23Z">
          <reporter-output>
          </reporter-output>
        </test-method> <!-- verifyQuestionTitle -->
        <test-method status="PASS" signature="verifyAnswerOptionsCount()[pri:2, instance:com.edifecs.breathe.qa.testcases.TestHealthAssessmentQuestions@65ef6939]" name="verifyAnswerOptionsCount" duration-ms="0" started-at="2016-04-14T19:03:23Z" finished-at="2016-04-14T19:03:23Z">
          <reporter-output>
          </reporter-output>
        </test-method> <!-- verifyAnswerOptionsCount -->
        <test-method status="PASS" signature="verifyAnswersText()[pri:3, instance:com.edifecs.breathe.qa.testcases.TestHealthAssessmentQuestions@65ef6939]" name="verifyAnswersText" duration-ms="440" started-at="2016-04-14T19:03:23Z" finished-at="2016-04-14T19:03:23Z">
          <reporter-output>
          </reporter-output>
        </test-method> <!-- verifyAnswersText -->
        <test-method status="PASS" signature="verifyRadioAnswerSelection()[pri:4, instance:com.edifecs.breathe.qa.testcases.TestHealthAssessmentQuestions@65ef6939]" name="verifyRadioAnswerSelection" duration-ms="649" started-at="2016-04-14T19:03:23Z" finished-at="2016-04-14T19:03:24Z">
          <reporter-output>
          </reporter-output>
        </test-method> <!-- verifyRadioAnswerSelection -->
        <test-method status="PASS" signature="moveToNextQuestion()[pri:0, instance:com.edifecs.breathe.qa.testcases.TestHealthAssessmentQuestions@65ef6939]" name="moveToNextQuestion" is-config="true" duration-ms="436" started-at="2016-04-14T19:03:24Z" finished-at="2016-04-14T19:03:24Z">
          <reporter-output>
          </reporter-output>
        </test-method> <!-- moveToNextQuestion -->
      </class> <!-- com.edifecs.breathe.qa.testcases.TestHealthAssessmentQuestions -->
    </test> <!-- Scenario3_Test2 -->
    <test name="Scenario3_Test3" duration-ms="2012" started-at="2016-04-14T13:33:24Z" finished-at="2016-04-14T13:33:26Z">
      <class name="com.edifecs.breathe.qa.testcases.TestHealthAssessmentQuestions">
        <test-method status="PASS" signature="setBeforeTest()[pri:0, instance:com.edifecs.breathe.qa.testcases.TestHealthAssessmentQuestions@4c4c9300]" name="setBeforeTest" is-config="true" duration-ms="732" started-at="2016-04-14T19:03:24Z" finished-at="2016-04-14T19:03:25Z">
          <reporter-output>
          </reporter-output>
        </test-method> <!-- setBeforeTest -->
        <test-method status="PASS" signature="verifyQuestionTitle()[pri:1, instance:com.edifecs.breathe.qa.testcases.TestHealthAssessmentQuestions@4c4c9300]" name="verifyQuestionTitle" duration-ms="75" started-at="2016-04-14T19:03:25Z" finished-at="2016-04-14T19:03:25Z">
          <reporter-output>
          </reporter-output>
        </test-method> <!-- verifyQuestionTitle -->
        <test-method status="PASS" signature="verifyAnswerOptionsCount()[pri:2, instance:com.edifecs.breathe.qa.testcases.TestHealthAssessmentQuestions@4c4c9300]" name="verifyAnswerOptionsCount" duration-ms="0" started-at="2016-04-14T19:03:25Z" finished-at="2016-04-14T19:03:25Z">
          <reporter-output>
          </reporter-output>
        </test-method> <!-- verifyAnswerOptionsCount -->
        <test-method status="PASS" signature="verifyAnswersText()[pri:3, instance:com.edifecs.breathe.qa.testcases.TestHealthAssessmentQuestions@4c4c9300]" name="verifyAnswersText" duration-ms="314" started-at="2016-04-14T19:03:25Z" finished-at="2016-04-14T19:03:25Z">
          <reporter-output>
          </reporter-output>
        </test-method> <!-- verifyAnswersText -->
        <test-method status="PASS" signature="verifyRadioAnswerSelection()[pri:4, instance:com.edifecs.breathe.qa.testcases.TestHealthAssessmentQuestions@4c4c9300]" name="verifyRadioAnswerSelection" duration-ms="634" started-at="2016-04-14T19:03:25Z" finished-at="2016-04-14T19:03:26Z">
          <reporter-output>
          </reporter-output>
        </test-method> <!-- verifyRadioAnswerSelection -->
        <test-method status="PASS" signature="moveToNextQuestion()[pri:0, instance:com.edifecs.breathe.qa.testcases.TestHealthAssessmentQuestions@4c4c9300]" name="moveToNextQuestion" is-config="true" duration-ms="254" started-at="2016-04-14T19:03:26Z" finished-at="2016-04-14T19:03:26Z">
          <reporter-output>
          </reporter-output>
        </test-method> <!-- moveToNextQuestion -->
      </class> <!-- com.edifecs.breathe.qa.testcases.TestHealthAssessmentQuestions -->
    </test> <!-- Scenario3_Test3 -->
    <test name="Scenario3_Test4" duration-ms="2468" started-at="2016-04-14T13:33:26Z" finished-at="2016-04-14T13:33:29Z">
      <class name="com.edifecs.breathe.qa.testcases.TestHealthAssessmentQuestions">
        <test-method status="PASS" signature="setBeforeTest()[pri:0, instance:com.edifecs.breathe.qa.testcases.TestHealthAssessmentQuestions@53b5ae28]" name="setBeforeTest" is-config="true" duration-ms="1146" started-at="2016-04-14T19:03:26Z" finished-at="2016-04-14T19:03:27Z">
          <reporter-output>
          </reporter-output>
        </test-method> <!-- setBeforeTest -->
        <test-method status="PASS" signature="verifyQuestionTitle()[pri:1, instance:com.edifecs.breathe.qa.testcases.TestHealthAssessmentQuestions@53b5ae28]" name="verifyQuestionTitle" duration-ms="46" started-at="2016-04-14T19:03:27Z" finished-at="2016-04-14T19:03:27Z">
          <reporter-output>
          </reporter-output>
        </test-method> <!-- verifyQuestionTitle -->
        <test-method status="FAIL" signature="verifyAnswerOptionsCount()[pri:2, instance:com.edifecs.breathe.qa.testcases.TestHealthAssessmentQuestions@53b5ae28]" name="verifyAnswerOptionsCount" duration-ms="1" started-at="2016-04-14T19:03:27Z" finished-at="2016-04-14T19:03:27Z">
          <exception class="java.lang.AssertionError">
            <message>
              <![CDATA[expected [0] but found [5]]]>
            </message>
            <full-stacktrace>
              <![CDATA[java.lang.AssertionError: expected [0] but found [5]
	at org.testng.Assert.fail(Assert.java:94)
	at org.testng.Assert.failNotEquals(Assert.java:496)
	at org.testng.Assert.assertEquals(Assert.java:125)
	at org.testng.Assert.assertEquals(Assert.java:372)
	at org.testng.Assert.assertEquals(Assert.java:382)
	at com.edifecs.breathe.qa.testcases.TestHealthAssessmentQuestions.verifyAnswerOptionsCount(TestHealthAssessmentQuestions.java:67)
	at sun.reflect.NativeMethodAccessorImpl.invoke0(Native Method)
	at sun.reflect.NativeMethodAccessorImpl.invoke(NativeMethodAccessorImpl.java:57)
	at sun.reflect.DelegatingMethodAccessorImpl.invoke(DelegatingMethodAccessorImpl.java:43)
	at java.lang.reflect.Method.invoke(Method.java:606)
	at org.testng.internal.MethodInvocationHelper.invokeMethod(MethodInvocationHelper.java:85)
	at org.testng.internal.Invoker.invokeMethod(Invoker.java:639)
	at org.testng.internal.Invoker.invokeTestMethod(Invoker.java:816)
	at org.testng.internal.Invoker.invokeTestMethods(Invoker.java:1124)
	at org.testng.internal.TestMethodWorker.invokeTestMethods(TestMethodWorker.java:125)
	at org.testng.internal.TestMethodWorker.run(TestMethodWorker.java:108)
	at org.testng.TestRunner.privateRun(TestRunner.java:774)
	at org.testng.TestRunner.run(TestRunner.java:624)
	at org.testng.SuiteRunner.runTest(SuiteRunner.java:359)
	at org.testng.SuiteRunner.runSequentially(SuiteRunner.java:354)
	at org.testng.SuiteRunner.privateRun(SuiteRunner.java:312)
	at org.testng.SuiteRunner.run(SuiteRunner.java:261)
	at org.testng.SuiteRunnerWorker.runSuite(SuiteRunnerWorker.java:52)
	at org.testng.SuiteRunnerWorker.run(SuiteRunnerWorker.java:86)
	at org.testng.TestNG.runSuitesSequentially(TestNG.java:1191)
	at org.testng.TestNG.runSuitesLocally(TestNG.java:1116)
	at org.testng.TestNG.run(TestNG.java:1024)
	at com.edifecs.breathe.qa.testcases.RunTests.main(RunTests.java:102)
	at sun.reflect.NativeMethodAccessorImpl.invoke0(Native Method)
	at sun.reflect.NativeMethodAccessorImpl.invoke(NativeMethodAccessorImpl.java:57)
	at sun.reflect.DelegatingMethodAccessorImpl.invoke(DelegatingMethodAccessorImpl.java:43)
	at java.lang.reflect.Method.invoke(Method.java:606)
	at com.intellij.rt.execution.application.AppMain.main(AppMain.java:144)
]]>
            </full-stacktrace>
          </exception> <!-- java.lang.AssertionError -->
          <reporter-output>
          </reporter-output>
        </test-method> <!-- verifyAnswerOptionsCount -->
        <test-method status="PASS" signature="verifyAnswersText()[pri:3, instance:com.edifecs.breathe.qa.testcases.TestHealthAssessmentQuestions@53b5ae28]" name="verifyAnswersText" duration-ms="439" started-at="2016-04-14T19:03:27Z" finished-at="2016-04-14T19:03:28Z">
          <reporter-output>
          </reporter-output>
        </test-method> <!-- verifyAnswersText -->
        <test-method status="PASS" signature="verifyRadioAnswerSelection()[pri:4, instance:com.edifecs.breathe.qa.testcases.TestHealthAssessmentQuestions@53b5ae28]" name="verifyRadioAnswerSelection" duration-ms="652" started-at="2016-04-14T19:03:28Z" finished-at="2016-04-14T19:03:28Z">
          <reporter-output>
          </reporter-output>
        </test-method> <!-- verifyRadioAnswerSelection -->
        <test-method status="PASS" signature="moveToNextQuestion()[pri:0, instance:com.edifecs.breathe.qa.testcases.TestHealthAssessmentQuestions@53b5ae28]" name="moveToNextQuestion" is-config="true" duration-ms="182" started-at="2016-04-14T19:03:28Z" finished-at="2016-04-14T19:03:29Z">
          <reporter-output>
          </reporter-output>
        </test-method> <!-- moveToNextQuestion -->
      </class> <!-- com.edifecs.breathe.qa.testcases.TestHealthAssessmentQuestions -->
    </test> <!-- Scenario3_Test4 -->
    <test name="Scenario3_Test5" duration-ms="687" started-at="2016-04-14T13:33:29Z" finished-at="2016-04-14T13:33:29Z">
      <class name="com.edifecs.breathe.qa.testcases.TestHealthRiskAssessmentSubmit">
        <test-method status="PASS" signature="startscore()[pri:0, instance:com.edifecs.breathe.qa.testcases.TestHealthRiskAssessmentSubmit@238258f1]" name="startscore" is-config="true" duration-ms="1" started-at="2016-04-14T19:03:29Z" finished-at="2016-04-14T19:03:29Z">
          <reporter-output>
          </reporter-output>
        </test-method> <!-- startscore -->
        <test-method status="FAIL" signature="verifyscore()[pri:1, instance:com.edifecs.breathe.qa.testcases.TestHealthRiskAssessmentSubmit@238258f1]" name="verifyscore" duration-ms="597" started-at="2016-04-14T19:03:29Z" finished-at="2016-04-14T19:03:29Z">
          <exception class="java.lang.AssertionError">
            <message>
              <![CDATA[expected [9.0] but found [5.47]]]>
            </message>
            <full-stacktrace>
              <![CDATA[java.lang.AssertionError: expected [9.0] but found [5.47]
	at org.testng.Assert.fail(Assert.java:94)
	at org.testng.Assert.failNotEquals(Assert.java:496)
	at org.testng.Assert.assertEquals(Assert.java:125)
	at org.testng.Assert.assertEquals(Assert.java:167)
	at com.edifecs.breathe.qa.testcases.TestHealthRiskAssessmentSubmit.verifyscore(TestHealthRiskAssessmentSubmit.java:39)
	at sun.reflect.NativeMethodAccessorImpl.invoke0(Native Method)
	at sun.reflect.NativeMethodAccessorImpl.invoke(NativeMethodAccessorImpl.java:57)
	at sun.reflect.DelegatingMethodAccessorImpl.invoke(DelegatingMethodAccessorImpl.java:43)
	at java.lang.reflect.Method.invoke(Method.java:606)
	at org.testng.internal.MethodInvocationHelper.invokeMethod(MethodInvocationHelper.java:85)
	at org.testng.internal.Invoker.invokeMethod(Invoker.java:639)
	at org.testng.internal.Invoker.invokeTestMethod(Invoker.java:816)
	at org.testng.internal.Invoker.invokeTestMethods(Invoker.java:1124)
	at org.testng.internal.TestMethodWorker.invokeTestMethods(TestMethodWorker.java:125)
	at org.testng.internal.TestMethodWorker.run(TestMethodWorker.java:108)
	at org.testng.TestRunner.privateRun(TestRunner.java:774)
	at org.testng.TestRunner.run(TestRunner.java:624)
	at org.testng.SuiteRunner.runTest(SuiteRunner.java:359)
	at org.testng.SuiteRunner.runSequentially(SuiteRunner.java:354)
	at org.testng.SuiteRunner.privateRun(SuiteRunner.java:312)
	at org.testng.SuiteRunner.run(SuiteRunner.java:261)
	at org.testng.SuiteRunnerWorker.runSuite(SuiteRunnerWorker.java:52)
	at org.testng.SuiteRunnerWorker.run(SuiteRunnerWorker.java:86)
	at org.testng.TestNG.runSuitesSequentially(TestNG.java:1191)
	at org.testng.TestNG.runSuitesLocally(TestNG.java:1116)
	at org.testng.TestNG.run(TestNG.java:1024)
	at com.edifecs.breathe.qa.testcases.RunTests.main(RunTests.java:102)
	at sun.reflect.NativeMethodAccessorImpl.invoke0(Native Method)
	at sun.reflect.NativeMethodAccessorImpl.invoke(NativeMethodAccessorImpl.java:57)
	at sun.reflect.DelegatingMethodAccessorImpl.invoke(DelegatingMethodAccessorImpl.java:43)
	at java.lang.reflect.Method.invoke(Method.java:606)
	at com.intellij.rt.execution.application.AppMain.main(AppMain.java:144)
]]>
            </full-stacktrace>
          </exception> <!-- java.lang.AssertionError -->
          <reporter-output>
          </reporter-output>
        </test-method> <!-- verifyscore -->
        <test-method status="PASS" signature="verifybuttonstatus()[pri:2, instance:com.edifecs.breathe.qa.testcases.TestHealthRiskAssessmentSubmit@238258f1]" name="verifybuttonstatus" duration-ms="88" started-at="2016-04-14T19:03:29Z" finished-at="2016-04-14T19:03:29Z">
          <reporter-output>
          </reporter-output>
        </test-method> <!-- verifybuttonstatus -->
        <test-method status="PASS" signature="nextScenario()[pri:0, instance:com.edifecs.breathe.qa.testcases.TestHealthRiskAssessmentSubmit@238258f1]" name="nextScenario" is-config="true" duration-ms="0" started-at="2016-04-14T19:03:29Z" finished-at="2016-04-14T19:03:29Z">
          <reporter-output>
          </reporter-output>
        </test-method> <!-- nextScenario -->
      </class> <!-- com.edifecs.breathe.qa.testcases.TestHealthRiskAssessmentSubmit -->
    </test> <!-- Scenario3_Test5 -->
    <test name="Scenario4_Test1" duration-ms="391" started-at="2016-04-14T13:33:29Z" finished-at="2016-04-14T13:33:30Z">
      <class name="com.edifecs.breathe.qa.testcases.TestStartHealthRiskAssessment">
        <test-method status="PASS" signature="startQuesttionaire()[pri:0, instance:com.edifecs.breathe.qa.testcases.TestStartHealthRiskAssessment@36ff208a]" name="startQuesttionaire" is-config="true" duration-ms="391" started-at="2016-04-14T19:03:29Z" finished-at="2016-04-14T19:03:30Z">
          <reporter-output>
          </reporter-output>
        </test-method> <!-- startQuesttionaire -->
        <test-method status="PASS" signature="verifyQuestionTitle()[pri:1, instance:com.edifecs.breathe.qa.testcases.TestStartHealthRiskAssessment@36ff208a]" name="verifyQuestionTitle" duration-ms="0" started-at="2016-04-14T19:03:30Z" finished-at="2016-04-14T19:03:30Z">
          <reporter-output>
          </reporter-output>
        </test-method> <!-- verifyQuestionTitle -->
      </class> <!-- com.edifecs.breathe.qa.testcases.TestStartHealthRiskAssessment -->
    </test> <!-- Scenario4_Test1 -->
    <test name="Scenario4_Test2" duration-ms="5217" started-at="2016-04-14T13:33:30Z" finished-at="2016-04-14T13:33:35Z">
      <class name="com.edifecs.breathe.qa.testcases.TestHealthAssessmentQuestions">
        <test-method status="PASS" signature="setBeforeTest()[pri:0, instance:com.edifecs.breathe.qa.testcases.TestHealthAssessmentQuestions@204db0e4]" name="setBeforeTest" is-config="true" duration-ms="1260" started-at="2016-04-14T19:03:30Z" finished-at="2016-04-14T19:03:31Z">
          <reporter-output>
          </reporter-output>
        </test-method> <!-- setBeforeTest -->
        <test-method status="PASS" signature="verifyQuestionTitle()[pri:1, instance:com.edifecs.breathe.qa.testcases.TestHealthAssessmentQuestions@204db0e4]" name="verifyQuestionTitle" duration-ms="130" started-at="2016-04-14T19:03:31Z" finished-at="2016-04-14T19:03:31Z">
          <reporter-output>
          </reporter-output>
        </test-method> <!-- verifyQuestionTitle -->
        <test-method status="PASS" signature="verifyAnswerOptionsCount()[pri:2, instance:com.edifecs.breathe.qa.testcases.TestHealthAssessmentQuestions@204db0e4]" name="verifyAnswerOptionsCount" duration-ms="0" started-at="2016-04-14T19:03:31Z" finished-at="2016-04-14T19:03:31Z">
          <reporter-output>
          </reporter-output>
        </test-method> <!-- verifyAnswerOptionsCount -->
        <test-method status="PASS" signature="verifyAnswersText()[pri:3, instance:com.edifecs.breathe.qa.testcases.TestHealthAssessmentQuestions@204db0e4]" name="verifyAnswersText" duration-ms="351" started-at="2016-04-14T19:03:31Z" finished-at="2016-04-14T19:03:31Z">
          <reporter-output>
          </reporter-output>
        </test-method> <!-- verifyAnswersText -->
        <test-method status="PASS" signature="verifyRadioAnswerSelection()[pri:4, instance:com.edifecs.breathe.qa.testcases.TestHealthAssessmentQuestions@204db0e4]" name="verifyRadioAnswerSelection" duration-ms="3211" started-at="2016-04-14T19:03:31Z" finished-at="2016-04-14T19:03:35Z">
          <reporter-output>
          </reporter-output>
        </test-method> <!-- verifyRadioAnswerSelection -->
        <test-method status="PASS" signature="moveToNextQuestion()[pri:0, instance:com.edifecs.breathe.qa.testcases.TestHealthAssessmentQuestions@204db0e4]" name="moveToNextQuestion" is-config="true" duration-ms="263" started-at="2016-04-14T19:03:35Z" finished-at="2016-04-14T19:03:35Z">
          <reporter-output>
          </reporter-output>
        </test-method> <!-- moveToNextQuestion -->
      </class> <!-- com.edifecs.breathe.qa.testcases.TestHealthAssessmentQuestions -->
    </test> <!-- Scenario4_Test2 -->
    <test name="Scenario4_Test3" duration-ms="5036" started-at="2016-04-14T13:33:35Z" finished-at="2016-04-14T13:33:40Z">
      <class name="com.edifecs.breathe.qa.testcases.TestHealthAssessmentQuestions">
        <test-method status="PASS" signature="setBeforeTest()[pri:0, instance:com.edifecs.breathe.qa.testcases.TestHealthAssessmentQuestions@1bf13ad]" name="setBeforeTest" is-config="true" duration-ms="1178" started-at="2016-04-14T19:03:35Z" finished-at="2016-04-14T19:03:36Z">
          <reporter-output>
          </reporter-output>
        </test-method> <!-- setBeforeTest -->
        <test-method status="PASS" signature="verifyQuestionTitle()[pri:1, instance:com.edifecs.breathe.qa.testcases.TestHealthAssessmentQuestions@1bf13ad]" name="verifyQuestionTitle" duration-ms="42" started-at="2016-04-14T19:03:36Z" finished-at="2016-04-14T19:03:36Z">
          <reporter-output>
          </reporter-output>
        </test-method> <!-- verifyQuestionTitle -->
        <test-method status="PASS" signature="verifyAnswerOptionsCount()[pri:2, instance:com.edifecs.breathe.qa.testcases.TestHealthAssessmentQuestions@1bf13ad]" name="verifyAnswerOptionsCount" duration-ms="0" started-at="2016-04-14T19:03:36Z" finished-at="2016-04-14T19:03:36Z">
          <reporter-output>
          </reporter-output>
        </test-method> <!-- verifyAnswerOptionsCount -->
        <test-method status="PASS" signature="verifyAnswersText()[pri:3, instance:com.edifecs.breathe.qa.testcases.TestHealthAssessmentQuestions@1bf13ad]" name="verifyAnswersText" duration-ms="363" started-at="2016-04-14T19:03:36Z" finished-at="2016-04-14T19:03:36Z">
          <reporter-output>
          </reporter-output>
        </test-method> <!-- verifyAnswersText -->
        <test-method status="PASS" signature="verifyRadioAnswerSelection()[pri:4, instance:com.edifecs.breathe.qa.testcases.TestHealthAssessmentQuestions@1bf13ad]" name="verifyRadioAnswerSelection" duration-ms="3213" started-at="2016-04-14T19:03:36Z" finished-at="2016-04-14T19:03:40Z">
          <reporter-output>
          </reporter-output>
        </test-method> <!-- verifyRadioAnswerSelection -->
        <test-method status="PASS" signature="moveToNextQuestion()[pri:0, instance:com.edifecs.breathe.qa.testcases.TestHealthAssessmentQuestions@1bf13ad]" name="moveToNextQuestion" is-config="true" duration-ms="239" started-at="2016-04-14T19:03:40Z" finished-at="2016-04-14T19:03:40Z">
          <reporter-output>
          </reporter-output>
        </test-method> <!-- moveToNextQuestion -->
      </class> <!-- com.edifecs.breathe.qa.testcases.TestHealthAssessmentQuestions -->
    </test> <!-- Scenario4_Test3 -->
    <test name="Scenario4_Test4" duration-ms="2083" started-at="2016-04-14T13:33:40Z" finished-at="2016-04-14T13:33:42Z">
      <class name="com.edifecs.breathe.qa.testcases.TestHealthAssessmentQuestions">
        <test-method status="PASS" signature="setBeforeTest()[pri:0, instance:com.edifecs.breathe.qa.testcases.TestHealthAssessmentQuestions@76789566]" name="setBeforeTest" is-config="true" duration-ms="1179" started-at="2016-04-14T19:03:40Z" finished-at="2016-04-14T19:03:41Z">
          <reporter-output>
          </reporter-output>
        </test-method> <!-- setBeforeTest -->
        <test-method status="PASS" signature="verifyQuestionTitle()[pri:1, instance:com.edifecs.breathe.qa.testcases.TestHealthAssessmentQuestions@76789566]" name="verifyQuestionTitle" duration-ms="48" started-at="2016-04-14T19:03:41Z" finished-at="2016-04-14T19:03:41Z">
          <reporter-output>
          </reporter-output>
        </test-method> <!-- verifyQuestionTitle -->
        <test-method status="FAIL" signature="verifyAnswerOptionsCount()[pri:2, instance:com.edifecs.breathe.qa.testcases.TestHealthAssessmentQuestions@76789566]" name="verifyAnswerOptionsCount" duration-ms="0" started-at="2016-04-14T19:03:41Z" finished-at="2016-04-14T19:03:41Z">
          <exception class="java.lang.AssertionError">
            <message>
              <![CDATA[expected [0] but found [5]]]>
            </message>
            <full-stacktrace>
              <![CDATA[java.lang.AssertionError: expected [0] but found [5]
	at org.testng.Assert.fail(Assert.java:94)
	at org.testng.Assert.failNotEquals(Assert.java:496)
	at org.testng.Assert.assertEquals(Assert.java:125)
	at org.testng.Assert.assertEquals(Assert.java:372)
	at org.testng.Assert.assertEquals(Assert.java:382)
	at com.edifecs.breathe.qa.testcases.TestHealthAssessmentQuestions.verifyAnswerOptionsCount(TestHealthAssessmentQuestions.java:67)
	at sun.reflect.NativeMethodAccessorImpl.invoke0(Native Method)
	at sun.reflect.NativeMethodAccessorImpl.invoke(NativeMethodAccessorImpl.java:57)
	at sun.reflect.DelegatingMethodAccessorImpl.invoke(DelegatingMethodAccessorImpl.java:43)
	at java.lang.reflect.Method.invoke(Method.java:606)
	at org.testng.internal.MethodInvocationHelper.invokeMethod(MethodInvocationHelper.java:85)
	at org.testng.internal.Invoker.invokeMethod(Invoker.java:639)
	at org.testng.internal.Invoker.invokeTestMethod(Invoker.java:816)
	at org.testng.internal.Invoker.invokeTestMethods(Invoker.java:1124)
	at org.testng.internal.TestMethodWorker.invokeTestMethods(TestMethodWorker.java:125)
	at org.testng.internal.TestMethodWorker.run(TestMethodWorker.java:108)
	at org.testng.TestRunner.privateRun(TestRunner.java:774)
	at org.testng.TestRunner.run(TestRunner.java:624)
	at org.testng.SuiteRunner.runTest(SuiteRunner.java:359)
	at org.testng.SuiteRunner.runSequentially(SuiteRunner.java:354)
	at org.testng.SuiteRunner.privateRun(SuiteRunner.java:312)
	at org.testng.SuiteRunner.run(SuiteRunner.java:261)
	at org.testng.SuiteRunnerWorker.runSuite(SuiteRunnerWorker.java:52)
	at org.testng.SuiteRunnerWorker.run(SuiteRunnerWorker.java:86)
	at org.testng.TestNG.runSuitesSequentially(TestNG.java:1191)
	at org.testng.TestNG.runSuitesLocally(TestNG.java:1116)
	at org.testng.TestNG.run(TestNG.java:1024)
	at com.edifecs.breathe.qa.testcases.RunTests.main(RunTests.java:102)
	at sun.reflect.NativeMethodAccessorImpl.invoke0(Native Method)
	at sun.reflect.NativeMethodAccessorImpl.invoke(NativeMethodAccessorImpl.java:57)
	at sun.reflect.DelegatingMethodAccessorImpl.invoke(DelegatingMethodAccessorImpl.java:43)
	at java.lang.reflect.Method.invoke(Method.java:606)
	at com.intellij.rt.execution.application.AppMain.main(AppMain.java:144)
]]>
            </full-stacktrace>
          </exception> <!-- java.lang.AssertionError -->
          <reporter-output>
          </reporter-output>
        </test-method> <!-- verifyAnswerOptionsCount -->
        <test-method status="PASS" signature="verifyAnswersText()[pri:3, instance:com.edifecs.breathe.qa.testcases.TestHealthAssessmentQuestions@76789566]" name="verifyAnswersText" duration-ms="415" started-at="2016-04-14T19:03:41Z" finished-at="2016-04-14T19:03:42Z">
          <reporter-output>
          </reporter-output>
        </test-method> <!-- verifyAnswersText -->
        <test-method status="PASS" signature="verifyRadioAnswerSelection()[pri:4, instance:com.edifecs.breathe.qa.testcases.TestHealthAssessmentQuestions@76789566]" name="verifyRadioAnswerSelection" duration-ms="0" started-at="2016-04-14T19:03:42Z" finished-at="2016-04-14T19:03:42Z">
          <reporter-output>
          </reporter-output>
        </test-method> <!-- verifyRadioAnswerSelection -->
        <test-method status="PASS" signature="moveToNextQuestion()[pri:0, instance:com.edifecs.breathe.qa.testcases.TestHealthAssessmentQuestions@76789566]" name="moveToNextQuestion" is-config="true" duration-ms="439" started-at="2016-04-14T19:03:42Z" finished-at="2016-04-14T19:03:42Z">
          <reporter-output>
          </reporter-output>
        </test-method> <!-- moveToNextQuestion -->
      </class> <!-- com.edifecs.breathe.qa.testcases.TestHealthAssessmentQuestions -->
    </test> <!-- Scenario4_Test4 -->
    <test name="Scenario4_Test5" duration-ms="500" started-at="2016-04-14T13:33:42Z" finished-at="2016-04-14T13:33:43Z">
      <class name="com.edifecs.breathe.qa.testcases.TestHealthRiskAssessmentSubmit">
        <test-method status="PASS" signature="startscore()[pri:0, instance:com.edifecs.breathe.qa.testcases.TestHealthRiskAssessmentSubmit@7fc24c83]" name="startscore" is-config="true" duration-ms="1" started-at="2016-04-14T19:03:42Z" finished-at="2016-04-14T19:03:42Z">
          <reporter-output>
          </reporter-output>
        </test-method> <!-- startscore -->
        <test-method status="FAIL" signature="verifyscore()[pri:1, instance:com.edifecs.breathe.qa.testcases.TestHealthRiskAssessmentSubmit@7fc24c83]" name="verifyscore" duration-ms="392" started-at="2016-04-14T19:03:42Z" finished-at="2016-04-14T19:03:42Z">
          <exception class="java.lang.AssertionError">
            <message>
              <![CDATA[expected [12.0] but found [9.24]]]>
            </message>
            <full-stacktrace>
              <![CDATA[java.lang.AssertionError: expected [12.0] but found [9.24]
	at org.testng.Assert.fail(Assert.java:94)
	at org.testng.Assert.failNotEquals(Assert.java:496)
	at org.testng.Assert.assertEquals(Assert.java:125)
	at org.testng.Assert.assertEquals(Assert.java:167)
	at com.edifecs.breathe.qa.testcases.TestHealthRiskAssessmentSubmit.verifyscore(TestHealthRiskAssessmentSubmit.java:39)
	at sun.reflect.NativeMethodAccessorImpl.invoke0(Native Method)
	at sun.reflect.NativeMethodAccessorImpl.invoke(NativeMethodAccessorImpl.java:57)
	at sun.reflect.DelegatingMethodAccessorImpl.invoke(DelegatingMethodAccessorImpl.java:43)
	at java.lang.reflect.Method.invoke(Method.java:606)
	at org.testng.internal.MethodInvocationHelper.invokeMethod(MethodInvocationHelper.java:85)
	at org.testng.internal.Invoker.invokeMethod(Invoker.java:639)
	at org.testng.internal.Invoker.invokeTestMethod(Invoker.java:816)
	at org.testng.internal.Invoker.invokeTestMethods(Invoker.java:1124)
	at org.testng.internal.TestMethodWorker.invokeTestMethods(TestMethodWorker.java:125)
	at org.testng.internal.TestMethodWorker.run(TestMethodWorker.java:108)
	at org.testng.TestRunner.privateRun(TestRunner.java:774)
	at org.testng.TestRunner.run(TestRunner.java:624)
	at org.testng.SuiteRunner.runTest(SuiteRunner.java:359)
	at org.testng.SuiteRunner.runSequentially(SuiteRunner.java:354)
	at org.testng.SuiteRunner.privateRun(SuiteRunner.java:312)
	at org.testng.SuiteRunner.run(SuiteRunner.java:261)
	at org.testng.SuiteRunnerWorker.runSuite(SuiteRunnerWorker.java:52)
	at org.testng.SuiteRunnerWorker.run(SuiteRunnerWorker.java:86)
	at org.testng.TestNG.runSuitesSequentially(TestNG.java:1191)
	at org.testng.TestNG.runSuitesLocally(TestNG.java:1116)
	at org.testng.TestNG.run(TestNG.java:1024)
	at com.edifecs.breathe.qa.testcases.RunTests.main(RunTests.java:102)
	at sun.reflect.NativeMethodAccessorImpl.invoke0(Native Method)
	at sun.reflect.NativeMethodAccessorImpl.invoke(NativeMethodAccessorImpl.java:57)
	at sun.reflect.DelegatingMethodAccessorImpl.invoke(DelegatingMethodAccessorImpl.java:43)
	at java.lang.reflect.Method.invoke(Method.java:606)
	at com.intellij.rt.execution.application.AppMain.main(AppMain.java:144)
]]>
            </full-stacktrace>
          </exception> <!-- java.lang.AssertionError -->
          <reporter-output>
          </reporter-output>
        </test-method> <!-- verifyscore -->
        <test-method status="PASS" signature="verifybuttonstatus()[pri:2, instance:com.edifecs.breathe.qa.testcases.TestHealthRiskAssessmentSubmit@7fc24c83]" name="verifybuttonstatus" duration-ms="107" started-at="2016-04-14T19:03:42Z" finished-at="2016-04-14T19:03:43Z">
          <reporter-output>
          </reporter-output>
        </test-method> <!-- verifybuttonstatus -->
        <test-method status="PASS" signature="nextScenario()[pri:0, instance:com.edifecs.breathe.qa.testcases.TestHealthRiskAssessmentSubmit@7fc24c83]" name="nextScenario" is-config="true" duration-ms="0" started-at="2016-04-14T19:03:43Z" finished-at="2016-04-14T19:03:43Z">
          <reporter-output>
          </reporter-output>
        </test-method> <!-- nextScenario -->
      </class> <!-- com.edifecs.breathe.qa.testcases.TestHealthRiskAssessmentSubmit -->
    </test> <!-- Scenario4_Test5 -->
  </suite> <!-- TmpSuite -->
</testng-results>
