<?xml version="1.0" encoding="UTF-8"?>
<testsuite name="test_tracking"
           tests="4"
           failures="1"
           errors="0"
           skipped="3"
           time="0.000">
  <properties />
            <testcase name="addRows" time="0.000" classname="com.edifecs.breathe.qa.testcases.TestTracking">
                <failure type="org.openqa.selenium.NoSuchElementException"
                  message="An element could not be located on the page using the given search parameters. (WARNING: The server did not provide any stacktrace information)
Command duration or timeout: 130 milliseconds
For documentation on this error, please visit: http://seleniumhq.org/exceptions/no_such_element.html
Build info: version: &apos;2.47.1&apos;, revision: &apos;unknown&apos;, time: &apos;2015-07-30 11:02:44&apos;
System info: host: &apos;IDCAMVERM01-WS&apos;, ip: &apos;169.254.119.183&apos;, os.name: &apos;Windows 7&apos;, os.arch: &apos;amd64&apos;, os.version: &apos;6.1&apos;, java.version: &apos;1.7.0_25&apos;
*** Element info: {Using=xpath, value=//android.widget.ImageButton[@content-desc=&apos;Open navigation drawer&apos;]}
Session ID: ff508740-f079-4f40-bc89-0e9c4e97597f
Driver info: io.appium.java_client.android.AndroidDriver
Capabilities [{platform=LINUX, app=E:\QA\BreatheQA\breathe\qa\app\Breathe-debug.apk, javascriptEnabled=true, browserName=Android, locale=en, networkConnectionEnabled=true, desired={app=E:\QA\BreatheQA\breathe\qa\app\Breathe-debug.apk, platformName=Android, deviceName=My Emulator, locale=en}, locationContextEnabled=false, platformVersion=4.4.4, databaseEnabled=false, platformName=Android, deviceName=192.168.206.101:5555, webStorageEnabled=false, warnings={}, takesScreenshot=true}]"
              >
<![CDATA[org.openqa.selenium.NoSuchElementException: An element could not be located on the page using the given search parameters. (WARNING: The server did not provide any stacktrace information)
Command duration or timeout: 130 milliseconds
For documentation on this error, please visit: http://seleniumhq.org/exceptions/no_such_element.html
Build info: version: '2.47.1', revision: 'unknown', time: '2015-07-30 11:02:44'
System info: host: 'IDCAMVERM01-WS', ip: '169.254.119.183', os.name: 'Windows 7', os.arch: 'amd64', os.version: '6.1', java.version: '1.7.0_25'
*** Element info: {Using=xpath, value=//android.widget.ImageButton[@content-desc='Open navigation drawer']}
Session ID: ff508740-f079-4f40-bc89-0e9c4e97597f
Driver info: io.appium.java_client.android.AndroidDriver
Capabilities [{platform=LINUX, app=E:\QA\BreatheQA\breathe\qa\app\Breathe-debug.apk, javascriptEnabled=true, browserName=Android, locale=en, networkConnectionEnabled=true, desired={app=E:\QA\BreatheQA\breathe\qa\app\Breathe-debug.apk, platformName=Android, deviceName=My Emulator, locale=en}, locationContextEnabled=false, platformVersion=4.4.4, databaseEnabled=false, platformName=Android, deviceName=192.168.206.101:5555, webStorageEnabled=false, warnings={}, takesScreenshot=true}]
  sun.reflect.NativeConstructorAccessorImpl.newInstance0(Native Method)
  sun.reflect.NativeConstructorAccessorImpl.newInstance(NativeConstructorAccessorImpl.java:57)
  sun.reflect.DelegatingConstructorAccessorImpl.newInstance(DelegatingConstructorAccessorImpl.java:45)
  java.lang.reflect.Constructor.newInstance(Constructor.java:526)
  org.openqa.selenium.remote.ErrorHandler.createThrowable(ErrorHandler.java:204)
  org.openqa.selenium.remote.ErrorHandler.throwIfResponseFailed(ErrorHandler.java:156)
  org.openqa.selenium.remote.RemoteWebDriver.execute(RemoteWebDriver.java:605)
  io.appium.java_client.AppiumDriver.execute(AppiumDriver.java:180)
  org.openqa.selenium.remote.RemoteWebDriver.findElement(RemoteWebDriver.java:358)
  org.openqa.selenium.remote.RemoteWebDriver.findElementByXPath(RemoteWebDriver.java:455)
  org.openqa.selenium.By$ByXPath.findElement(By.java:358)
  org.openqa.selenium.remote.RemoteWebDriver.findElement(RemoteWebDriver.java:350)
  com.edifecs.breathe.qa.pageobjects.LeftMenu.getleftnav(LeftMenu.java:29)
  com.edifecs.breathe.qa.testcases.TestTracking.addRows(TestTracking.java:37)
  sun.reflect.NativeMethodAccessorImpl.invoke0(Native Method)
  sun.reflect.NativeMethodAccessorImpl.invoke(NativeMethodAccessorImpl.java:57)
  sun.reflect.DelegatingMethodAccessorImpl.invoke(DelegatingMethodAccessorImpl.java:43)
  java.lang.reflect.Method.invoke(Method.java:606)
  org.testng.internal.MethodInvocationHelper.invokeMethod(MethodInvocationHelper.java:85)
  org.testng.internal.Invoker.invokeConfigurationMethod(Invoker.java:510)
  org.testng.internal.Invoker.invokeConfigurations(Invoker.java:211)
  org.testng.internal.Invoker.invokeConfigurations(Invoker.java:138)
  org.testng.TestRunner.beforeRun(TestRunner.java:648)
  org.testng.TestRunner.run(TestRunner.java:616)
  org.testng.SuiteRunner.runTest(SuiteRunner.java:359)
  org.testng.SuiteRunner.runSequentially(SuiteRunner.java:354)
  org.testng.SuiteRunner.privateRun(SuiteRunner.java:312)
  org.testng.SuiteRunner.run(SuiteRunner.java:261)
  org.testng.SuiteRunnerWorker.runSuite(SuiteRunnerWorker.java:52)
  org.testng.SuiteRunnerWorker.run(SuiteRunnerWorker.java:86)
  org.testng.TestNG.runSuitesSequentially(TestNG.java:1191)
  org.testng.TestNG.runSuitesLocally(TestNG.java:1116)
  org.testng.TestNG.run(TestNG.java:1024)
  org.testng.IDEARemoteTestNG.run(IDEARemoteTestNG.java:72)
  org.testng.RemoteTestNGStarter.main(RemoteTestNGStarter.java:122)
  sun.reflect.NativeMethodAccessorImpl.invoke0(Native Method)
  sun.reflect.NativeMethodAccessorImpl.invoke(NativeMethodAccessorImpl.java:57)
  sun.reflect.DelegatingMethodAccessorImpl.invoke(DelegatingMethodAccessorImpl.java:43)
  java.lang.reflect.Method.invoke(Method.java:606)
  com.intellij.rt.execution.application.AppMain.main(AppMain.java:144)
]]>
      </failure>

          </testcase>
  
            <testcase name="startApp" time="0.0" classname="com.edifecs.breathe.qa.testcases.TestTracking">
          <skipped />
    </testcase>
            <testcase name="verifyLatestEntry" time="0.0" classname="com.edifecs.breathe.qa.testcases.TestTracking">
          <skipped />
    </testcase>
            <testcase name="verifyTrackingsCount" time="0.0" classname="com.edifecs.breathe.qa.testcases.TestTracking">
          <skipped />
    </testcase>
  
  
</testsuite>
