<?xml version="1.0" encoding="UTF-8"?>
<testsuite name="test_HealtAssessment"
<<<<<<< HEAD
           tests="2"
           failures="1"
           errors="0"
           skipped="1"
           time="0.000">
  <properties />
            <testcase name="startApp" time="0.000" classname="com.edifecs.breathe.qa.testcases.TestHealthRiskAssessment">
                <failure type="org.openqa.selenium.NoSuchElementException"
                  message="An element could not be located on the page using the given search parameters. (WARNING: The server did not provide any stacktrace information)
Command duration or timeout: 1.50 seconds
For documentation on this error, please visit: http://seleniumhq.org/exceptions/no_such_element.html
Build info: version: &apos;2.47.1&apos;, revision: &apos;unknown&apos;, time: &apos;2015-07-30 11:02:44&apos;
System info: host: &apos;ROHIKRIS-LW7330&apos;, ip: &apos;192.168.254.2&apos;, os.name: &apos;Windows 8.1&apos;, os.arch: &apos;amd64&apos;, os.version: &apos;6.3&apos;, java.version: &apos;1.8.0_72&apos;
Driver info: io.appium.java_client.android.AndroidDriver
Capabilities [{app=E:\QA_Breathe\breathe\qa\app\Breathe-debug.apk, networkConnectionEnabled=true, orientation=PORTRAIT, warnings={}, databaseEnabled=false, locale=en, deviceName=192.168.56.101:5555, platform=LINUX, desired={app=E:\QA_Breathe\breathe\qa\app\Breathe-debug.apk, orientation=PORTRAIT, locale=en, platformName=Android, deviceName=My Emulator}, platformVersion=4.4.4, webStorageEnabled=false, locationContextEnabled=false, browserName=Android, takesScreenshot=true, javascriptEnabled=true, platformName=Android}]
Session ID: 75fb581d-94a9-453e-bef3-249704165841
*** Element info: {Using=id, value=questionary_status_button}"
              >
<![CDATA[org.openqa.selenium.NoSuchElementException: An element could not be located on the page using the given search parameters. (WARNING: The server did not provide any stacktrace information)
Command duration or timeout: 1.50 seconds
For documentation on this error, please visit: http://seleniumhq.org/exceptions/no_such_element.html
Build info: version: '2.47.1', revision: 'unknown', time: '2015-07-30 11:02:44'
System info: host: 'ROHIKRIS-LW7330', ip: '192.168.254.2', os.name: 'Windows 8.1', os.arch: 'amd64', os.version: '6.3', java.version: '1.8.0_72'
Driver info: io.appium.java_client.android.AndroidDriver
Capabilities [{app=E:\QA_Breathe\breathe\qa\app\Breathe-debug.apk, networkConnectionEnabled=true, orientation=PORTRAIT, warnings={}, databaseEnabled=false, locale=en, deviceName=192.168.56.101:5555, platform=LINUX, desired={app=E:\QA_Breathe\breathe\qa\app\Breathe-debug.apk, orientation=PORTRAIT, locale=en, platformName=Android, deviceName=My Emulator}, platformVersion=4.4.4, webStorageEnabled=false, locationContextEnabled=false, browserName=Android, takesScreenshot=true, javascriptEnabled=true, platformName=Android}]
Session ID: 75fb581d-94a9-453e-bef3-249704165841
*** Element info: {Using=id, value=questionary_status_button}
  sun.reflect.NativeConstructorAccessorImpl.newInstance0(Native Method)
  sun.reflect.NativeConstructorAccessorImpl.newInstance(NativeConstructorAccessorImpl.java:62)
  sun.reflect.DelegatingConstructorAccessorImpl.newInstance(DelegatingConstructorAccessorImpl.java:45)
  java.lang.reflect.Constructor.newInstance(Constructor.java:423)
  org.openqa.selenium.remote.ErrorHandler.createThrowable(ErrorHandler.java:204)
  org.openqa.selenium.remote.ErrorHandler.throwIfResponseFailed(ErrorHandler.java:156)
  org.openqa.selenium.remote.RemoteWebDriver.execute(RemoteWebDriver.java:605)
  io.appium.java_client.AppiumDriver.execute(AppiumDriver.java:180)
  org.openqa.selenium.remote.RemoteWebDriver.findElement(RemoteWebDriver.java:358)
  org.openqa.selenium.remote.RemoteWebDriver.findElementById(RemoteWebDriver.java:399)
  org.openqa.selenium.By$ById.findElement(By.java:215)
  org.openqa.selenium.remote.RemoteWebDriver.findElement(RemoteWebDriver.java:350)
  com.edifecs.breathe.qa.pageobjects.HealthRiskAssesment.setAssessmentStartButton(HealthRiskAssesment.java:32)
  com.edifecs.breathe.qa.testcases.TestHealthRiskAssessment.startApp(TestHealthRiskAssessment.java:57)
  sun.reflect.NativeMethodAccessorImpl.invoke0(Native Method)
  sun.reflect.NativeMethodAccessorImpl.invoke(NativeMethodAccessorImpl.java:62)
  sun.reflect.DelegatingMethodAccessorImpl.invoke(DelegatingMethodAccessorImpl.java:43)
  java.lang.reflect.Method.invoke(Method.java:498)
  org.testng.internal.MethodInvocationHelper.invokeMethod(MethodInvocationHelper.java:85)
  org.testng.internal.Invoker.invokeConfigurationMethod(Invoker.java:510)
  org.testng.internal.Invoker.invokeConfigurations(Invoker.java:211)
  org.testng.internal.Invoker.invokeConfigurations(Invoker.java:138)
  org.testng.internal.TestMethodWorker.invokeBeforeClassMethods(TestMethodWorker.java:170)
  org.testng.internal.TestMethodWorker.run(TestMethodWorker.java:104)
  org.testng.TestRunner.privateRun(TestRunner.java:774)
  org.testng.TestRunner.run(TestRunner.java:624)
  org.testng.SuiteRunner.runTest(SuiteRunner.java:359)
  org.testng.SuiteRunner.runSequentially(SuiteRunner.java:354)
  org.testng.SuiteRunner.privateRun(SuiteRunner.java:312)
  org.testng.SuiteRunner.run(SuiteRunner.java:261)
  org.testng.SuiteRunnerWorker.runSuite(SuiteRunnerWorker.java:52)
  org.testng.SuiteRunnerWorker.run(SuiteRunnerWorker.java:86)
  org.testng.TestNG.runSuitesSequentially(TestNG.java:1191)
  org.testng.TestNG.runSuitesLocally(TestNG.java:1116)
  org.testng.TestNG.run(TestNG.java:1024)
  org.testng.IDEARemoteTestNG.run(IDEARemoteTestNG.java:72)
  org.testng.RemoteTestNGStarter.main(RemoteTestNGStarter.java:122)
  sun.reflect.NativeMethodAccessorImpl.invoke0(Native Method)
  sun.reflect.NativeMethodAccessorImpl.invoke(NativeMethodAccessorImpl.java:62)
  sun.reflect.DelegatingMethodAccessorImpl.invoke(DelegatingMethodAccessorImpl.java:43)
  java.lang.reflect.Method.invoke(Method.java:498)
  com.intellij.rt.execution.application.AppMain.main(AppMain.java:144)
]]>
      </failure>

          </testcase>
  
            <testcase name="verifyQuestionTitle" time="0.0" classname="com.edifecs.breathe.qa.testcases.TestHealthRiskAssessment">
          <skipped />
    </testcase>
=======
           tests="1"
           failures="0"
           errors="0"
           skipped="0"
           time="0.053">
  <properties />
>>>>>>> a3337f4e8f884608db559e954208a04e1bd45ad0
  
  
            <testcase name="verifyQuestionTitle" time="0.053" classname="com.edifecs.breathe.qa.testcases.TestHealthRiskAssessment" />
      
</testsuite>
