<?xml version="1.0" encoding="UTF-8"?>
<testsuite name="Scenario3_Test4"
           tests="6"
           failures="1"
           errors="0"
           skipped="0"
           time="0.434">
  <properties />
            <testcase name="verifyAnswerSelection" time="0.087" classname="com.edifecs.breathe.qa.testcases.TestHealthAssessmentQuestions">
                <failure type="java.lang.NumberFormatException"
                  message="For input string: &quot;1.0&quot;"
              >
<![CDATA[java.lang.NumberFormatException: For input string: "1.0"
  java.lang.NumberFormatException.forInputString(NumberFormatException.java:65)
  java.lang.Integer.parseInt(Integer.java:492)
  java.lang.Integer.parseInt(Integer.java:527)
  com.edifecs.breathe.qa.testcases.TestHealthAssessmentQuestions.verifyAnswerSelection(TestHealthAssessmentQuestions.java:116)
  sun.reflect.NativeMethodAccessorImpl.invoke0(Native Method)
  sun.reflect.NativeMethodAccessorImpl.invoke(NativeMethodAccessorImpl.java:57)
  sun.reflect.DelegatingMethodAccessorImpl.invoke(DelegatingMethodAccessorImpl.java:43)
  java.lang.reflect.Method.invoke(Method.java:606)
  org.testng.internal.MethodInvocationHelper.invokeMethod(MethodInvocationHelper.java:85)
  org.testng.internal.Invoker.invokeMethod(Invoker.java:639)
  org.testng.internal.Invoker.invokeTestMethod(Invoker.java:816)
  org.testng.internal.Invoker.invokeTestMethods(Invoker.java:1124)
  org.testng.internal.TestMethodWorker.invokeTestMethods(TestMethodWorker.java:125)
  org.testng.internal.TestMethodWorker.run(TestMethodWorker.java:108)
  org.testng.TestRunner.privateRun(TestRunner.java:774)
  org.testng.TestRunner.run(TestRunner.java:624)
  org.testng.SuiteRunner.runTest(SuiteRunner.java:359)
  org.testng.SuiteRunner.runSequentially(SuiteRunner.java:354)
  org.testng.SuiteRunner.privateRun(SuiteRunner.java:312)
  org.testng.SuiteRunner.run(SuiteRunner.java:261)
  org.testng.SuiteRunnerWorker.runSuite(SuiteRunnerWorker.java:52)
  org.testng.SuiteRunnerWorker.run(SuiteRunnerWorker.java:86)
  org.testng.TestNG.runSuitesSequentially(TestNG.java:1191)
  org.testng.TestNG.runSuitesLocally(TestNG.java:1116)
  org.testng.TestNG.run(TestNG.java:1024)
  com.edifecs.breathe.qa.testcases.RunTests.main(RunTests.java:102)
  sun.reflect.NativeMethodAccessorImpl.invoke0(Native Method)
  sun.reflect.NativeMethodAccessorImpl.invoke(NativeMethodAccessorImpl.java:57)
  sun.reflect.DelegatingMethodAccessorImpl.invoke(DelegatingMethodAccessorImpl.java:43)
  java.lang.reflect.Method.invoke(Method.java:606)
  com.intellij.rt.execution.application.AppMain.main(AppMain.java:144)
]]>
      </failure>

          </testcase>
  
  
            <testcase name="verifyPreviousButton" time="0.090" classname="com.edifecs.breathe.qa.testcases.TestHealthAssessmentQuestions" />
                <testcase name="verifyAnswerOptionsCount" time="0.000" classname="com.edifecs.breathe.qa.testcases.TestHealthAssessmentQuestions" />
                <testcase name="verifyAnswersText" time="0.196" classname="com.edifecs.breathe.qa.testcases.TestHealthAssessmentQuestions" />
                <testcase name="verifySubmitButton" time="0.010" classname="com.edifecs.breathe.qa.testcases.TestHealthAssessmentQuestions" />
                <testcase name="verifyQuestionTitle" time="0.051" classname="com.edifecs.breathe.qa.testcases.TestHealthAssessmentQuestions" />
      
</testsuite>
