<?xml version="1.0" encoding="UTF-8"?>
<!-- Generated by org.testng.reporters.JUnitXMLReporter -->
<testsuite hostname="ROHIKRIS-LW7330" name="Command line test 2dccc100-fd84-4d19-9471-d1873ca5dd72" tests="1" failures="0" timestamp="14 Apr 2016 06:12:12 GMT" time="0.468" errors="0">
  <testcase name="@BeforeClass startApp" time="0.0" classname="com.edifecs.breathe.qa.testcases.TestHealthRiskAssessment">
    <failure type="org.openqa.selenium.SessionNotCreatedException" message="A new session could not be created. (Original error: Requested a new session but one was in progress) (WARNING: The server did not provide any stacktrace information)
Command duration or timeout: 40 milliseconds
Build info: version: &amp;apos;2.47.1&amp;apos;, revision: &amp;apos;unknown&amp;apos;, time: &amp;apos;2015-07-30 11:02:44&amp;apos;
System info: host: &amp;apos;ROHIKRIS-LW7330&amp;apos;, ip: &amp;apos;192.168.254.2&amp;apos;, os.name: &amp;apos;Windows 8.1&amp;apos;, os.arch: &amp;apos;amd64&amp;apos;, os.version: &amp;apos;6.3&amp;apos;, java.version: &amp;apos;1.8.0_72&amp;apos;
Driver info: io.appium.java_client.android.AndroidDriver">
      <![CDATA[org.openqa.selenium.SessionNotCreatedException: A new session could not be created. (Original error: Requested a new session but one was in progress) (WARNING: The server did not provide any stacktrace information)
Command duration or timeout: 40 milliseconds
Build info: version: '2.47.1', revision: 'unknown', time: '2015-07-30 11:02:44'
System info: host: 'ROHIKRIS-LW7330', ip: '192.168.254.2', os.name: 'Windows 8.1', os.arch: 'amd64', os.version: '6.3', java.version: '1.8.0_72'
Driver info: io.appium.java_client.android.AndroidDriver
	at org.openqa.selenium.remote.ErrorHandler.createThrowable(ErrorHandler.java:204)
	at org.openqa.selenium.remote.ErrorHandler.throwIfResponseFailed(ErrorHandler.java:156)
	at org.openqa.selenium.remote.RemoteWebDriver.execute(RemoteWebDriver.java:605)
	at io.appium.java_client.AppiumDriver.execute(AppiumDriver.java:180)
	at org.openqa.selenium.remote.RemoteWebDriver.startSession(RemoteWebDriver.java:242)
	at org.openqa.selenium.remote.RemoteWebDriver.<init>(RemoteWebDriver.java:128)
	at org.openqa.selenium.remote.RemoteWebDriver.<init>(RemoteWebDriver.java:155)
	at io.appium.java_client.AppiumDriver.<init>(AppiumDriver.java:109)
	at io.appium.java_client.android.AndroidDriver.<init>(AndroidDriver.java:39)
	at com.edifecs.breathe.qa.functions.Andriodsetup.andySetup(Andriodsetup.java:53)
	at com.edifecs.breathe.qa.testcases.TestHealthRiskAssessment.startApp(TestHealthRiskAssessment.java:42)
	at com.edifecs.breathe.qa.testcases.RunTests.main(RunTests.java:66)
... Removed 25 stack frames]]>
    </failure>
  </testcase> <!-- @BeforeClass startApp -->
  <testcase name="verifyQuestionTitle" time="0.0" classname="com.edifecs.breathe.qa.testcases.TestHealthRiskAssessment">
    <skipped/>
  </testcase> <!-- verifyQuestionTitle -->
</testsuite> <!-- Command line test 2dccc100-fd84-4d19-9471-d1873ca5dd72 -->
