<?xml version="1.0" encoding="UTF-8"?>
<!-- Generated by org.testng.reporters.JUnitXMLReporter -->
<testsuite hostname="IDCAMVERM01-WS" name="Scenario1_Test5" tests="2" failures="1" timestamp="14 Apr 2016 13:33:09 GMT" time="0.691" errors="0">
  <testcase name="verifyscore" time="0.527" classname="com.edifecs.breathe.qa.testcases.TestHealthRiskAssessmentSubmit">
    <failure type="java.lang.AssertionError" message="expected [3.0] but found [6.57]">
      <![CDATA[java.lang.AssertionError: expected [3.0] but found [6.57]
	at com.edifecs.breathe.qa.testcases.TestHealthRiskAssessmentSubmit.verifyscore(TestHealthRiskAssessmentSubmit.java:39)
	at com.edifecs.breathe.qa.testcases.RunTests.main(RunTests.java:102)
	at com.intellij.rt.execution.application.AppMain.main(AppMain.java:144)
... Removed 29 stack frames]]>
    </failure>
  </testcase> <!-- verifyscore -->
  <testcase name="verifybuttonstatus" time="0.162" classname="com.edifecs.breathe.qa.testcases.TestHealthRiskAssessmentSubmit"/>
</testsuite> <!-- Scenario1_Test5 -->
