<?xml version="1.0" encoding="UTF-8"?>
<!-- Generated by org.testng.reporters.JUnitXMLReporter -->
<testsuite hostname="IDCAMVERM01-WS" name="Scenario1_Test4" tests="4" failures="1" timestamp="14 Apr 2016 13:33:08 GMT" time="2.193" errors="0">
  <testcase name="verifyQuestionTitle" time="0.05" classname="com.edifecs.breathe.qa.testcases.TestHealthAssessmentQuestions"/>
  <testcase name="verifyAnswerOptionsCount" time="0.0" classname="com.edifecs.breathe.qa.testcases.TestHealthAssessmentQuestions">
    <failure type="java.lang.AssertionError" message="expected [0] but found [5]">
      <![CDATA[java.lang.AssertionError: expected [0] but found [5]
	at com.edifecs.breathe.qa.testcases.TestHealthAssessmentQuestions.verifyAnswerOptionsCount(TestHealthAssessmentQuestions.java:67)
	at com.edifecs.breathe.qa.testcases.RunTests.main(RunTests.java:102)
	at com.intellij.rt.execution.application.AppMain.main(AppMain.java:144)
... Removed 30 stack frames]]>
    </failure>
  </testcase> <!-- verifyAnswerOptionsCount -->
  <testcase name="verifyAnswersText" time="0.338" classname="com.edifecs.breathe.qa.testcases.TestHealthAssessmentQuestions"/>
  <testcase name="verifyRadioAnswerSelection" time="0.662" classname="com.edifecs.breathe.qa.testcases.TestHealthAssessmentQuestions"/>
</testsuite> <!-- Scenario1_Test4 -->
