<?xml version="1.0" encoding="UTF-8"?>
<!-- Generated by org.testng.reporters.JUnitXMLReporter -->
<testsuite hostname="IDCAMVERM01-WS" name="Scenario2_Test5" tests="2" failures="1" timestamp="14 Apr 2016 17:00:33 GMT" time="0.834" errors="0">
  <testcase name="verifyscore" time="0.649" classname="com.edifecs.breathe.qa.testcases.TestHealthRiskAssessmentSubmit">
    <failure type="java.lang.AssertionError" message="expected [3.0] but found [2.07]">
      <![CDATA[java.lang.AssertionError: expected [3.0] but found [2.07]
	at com.edifecs.breathe.qa.testcases.TestHealthRiskAssessmentSubmit.verifyscore(TestHealthRiskAssessmentSubmit.java:40)
	at com.edifecs.breathe.qa.testcases.RunTests.main(RunTests.java:102)
... Removed 25 stack frames]]>
    </failure>
  </testcase> <!-- verifyscore -->
  <testcase name="verifybuttonstatus" time="0.185" classname="com.edifecs.breathe.qa.testcases.TestHealthRiskAssessmentSubmit"/>
</testsuite> <!-- Scenario2_Test5 -->
