<?xml version="1.0" encoding="UTF-8"?>
<!-- Generated by org.testng.reporters.JUnitXMLReporter -->
<testsuite hostname="IDCAMVERM01-WS" name="Scenario4_Test2" tests="4" failures="1" timestamp="14 Apr 2016 09:42:37 GMT" time="33.854" errors="0">
  <testcase name="@AfterClass moveToNextQuestion" time="0.0" classname="com.edifecs.breathe.qa.testcases.TestHealthAssessmentQuestions">
    <failure type="org.openqa.selenium.NoSuchElementException" message="An element could not be located on the page using the given search parameters. (WARNING: The server did not provide any stacktrace information)
Command duration or timeout: 11.28 seconds
For documentation on this error, please visit: http://seleniumhq.org/exceptions/no_such_element.html
Build info: version: &amp;apos;2.47.1&amp;apos;, revision: &amp;apos;unknown&amp;apos;, time: &amp;apos;2015-07-30 11:02:44&amp;apos;
System info: host: &amp;apos;IDCAMVERM01-WS&amp;apos;, ip: &amp;apos;169.254.119.183&amp;apos;, os.name: &amp;apos;Windows 7&amp;apos;, os.arch: &amp;apos;amd64&amp;apos;, os.version: &amp;apos;6.1&amp;apos;, java.version: &amp;apos;1.7.0_25&amp;apos;
Session ID: e96e75e1-3a6e-4e6c-b734-de8e10a11973
Driver info: io.appium.java_client.android.AndroidDriver
Capabilities [{platform=LINUX, app=E:\QA\BreatheQA\breathe\qa\app\Breathe-debug.apk, orientation=PORTRAIT, javascriptEnabled=true, browserName=Android, locale=en, networkConnectionEnabled=true, desired={app=E:\QA\BreatheQA\breathe\qa\app\Breathe-debug.apk, orientation=PORTRAIT, platformName=Android, deviceName=My Emulator, locale=en}, locationContextEnabled=false, platformVersion=4.4.4, databaseEnabled=false, deviceName=192.168.206.101:5555, platformName=Android, webStorageEnabled=false, warnings={}, takesScreenshot=true}]">
      <![CDATA[org.openqa.selenium.NoSuchElementException: An element could not be located on the page using the given search parameters. (WARNING: The server did not provide any stacktrace information)
Command duration or timeout: 11.28 seconds
For documentation on this error, please visit: http://seleniumhq.org/exceptions/no_such_element.html
Build info: version: '2.47.1', revision: 'unknown', time: '2015-07-30 11:02:44'
System info: host: 'IDCAMVERM01-WS', ip: '169.254.119.183', os.name: 'Windows 7', os.arch: 'amd64', os.version: '6.1', java.version: '1.7.0_25'
Session ID: e96e75e1-3a6e-4e6c-b734-de8e10a11973
Driver info: io.appium.java_client.android.AndroidDriver
Capabilities [{platform=LINUX, app=E:\QA\BreatheQA\breathe\qa\app\Breathe-debug.apk, orientation=PORTRAIT, javascriptEnabled=true, browserName=Android, locale=en, networkConnectionEnabled=true, desired={app=E:\QA\BreatheQA\breathe\qa\app\Breathe-debug.apk, orientation=PORTRAIT, platformName=Android, deviceName=My Emulator, locale=en}, locationContextEnabled=false, platformVersion=4.4.4, databaseEnabled=false, deviceName=192.168.206.101:5555, platformName=Android, webStorageEnabled=false, warnings={}, takesScreenshot=true}]
	at org.openqa.selenium.remote.ErrorHandler.createThrowable(ErrorHandler.java:204)
	at org.openqa.selenium.remote.ErrorHandler.throwIfResponseFailed(ErrorHandler.java:156)
	at org.openqa.selenium.remote.RemoteWebDriver.execute(RemoteWebDriver.java:605)
	at io.appium.java_client.AppiumDriver.execute(AppiumDriver.java:180)
	at org.openqa.selenium.remote.RemoteWebElement.execute(RemoteWebElement.java:269)
	at org.openqa.selenium.remote.RemoteWebElement.click(RemoteWebElement.java:80)
	at com.edifecs.breathe.qa.functions.StandardFunctions.click(StandardFunctions.java:11)
	at com.edifecs.breathe.qa.testcases.TestHealthAssessmentQuestions.moveToNextQuestion(TestHealthAssessmentQuestions.java:96)
	at com.edifecs.breathe.qa.testcases.RunTests.main(RunTests.java:80)
... Removed 24 stack frames]]>
    </failure>
  </testcase> <!-- @AfterClass moveToNextQuestion -->
  <testcase name="verifyQuestionTitle" time="0.001" classname="com.edifecs.breathe.qa.testcases.TestHealthAssessmentQuestions"/>
  <testcase name="verifyAnswerOptionsCount" time="0.0" classname="com.edifecs.breathe.qa.testcases.TestHealthAssessmentQuestions"/>
  <testcase name="verifyAnswersText" time="11.224" classname="com.edifecs.breathe.qa.testcases.TestHealthAssessmentQuestions"/>
  <testcase name="verifyRadioAnswerSelection" time="11.35" classname="com.edifecs.breathe.qa.testcases.TestHealthAssessmentQuestions">
    <failure type="org.openqa.selenium.NoSuchElementException" message="An element could not be located on the page using the given search parameters. (WARNING: The server did not provide any stacktrace information)
Command duration or timeout: 11.35 seconds
For documentation on this error, please visit: http://seleniumhq.org/exceptions/no_such_element.html
Build info: version: &amp;apos;2.47.1&amp;apos;, revision: &amp;apos;unknown&amp;apos;, time: &amp;apos;2015-07-30 11:02:44&amp;apos;
System info: host: &amp;apos;IDCAMVERM01-WS&amp;apos;, ip: &amp;apos;169.254.119.183&amp;apos;, os.name: &amp;apos;Windows 7&amp;apos;, os.arch: &amp;apos;amd64&amp;apos;, os.version: &amp;apos;6.1&amp;apos;, java.version: &amp;apos;1.7.0_25&amp;apos;
Session ID: e96e75e1-3a6e-4e6c-b734-de8e10a11973
Driver info: io.appium.java_client.android.AndroidDriver
Capabilities [{platform=LINUX, app=E:\QA\BreatheQA\breathe\qa\app\Breathe-debug.apk, orientation=PORTRAIT, javascriptEnabled=true, browserName=Android, locale=en, networkConnectionEnabled=true, desired={app=E:\QA\BreatheQA\breathe\qa\app\Breathe-debug.apk, orientation=PORTRAIT, platformName=Android, deviceName=My Emulator, locale=en}, locationContextEnabled=false, platformVersion=4.4.4, databaseEnabled=false, deviceName=192.168.206.101:5555, platformName=Android, webStorageEnabled=false, warnings={}, takesScreenshot=true}]">
      <![CDATA[org.openqa.selenium.NoSuchElementException: An element could not be located on the page using the given search parameters. (WARNING: The server did not provide any stacktrace information)
Command duration or timeout: 11.35 seconds
For documentation on this error, please visit: http://seleniumhq.org/exceptions/no_such_element.html
Build info: version: '2.47.1', revision: 'unknown', time: '2015-07-30 11:02:44'
System info: host: 'IDCAMVERM01-WS', ip: '169.254.119.183', os.name: 'Windows 7', os.arch: 'amd64', os.version: '6.1', java.version: '1.7.0_25'
Session ID: e96e75e1-3a6e-4e6c-b734-de8e10a11973
Driver info: io.appium.java_client.android.AndroidDriver
Capabilities [{platform=LINUX, app=E:\QA\BreatheQA\breathe\qa\app\Breathe-debug.apk, orientation=PORTRAIT, javascriptEnabled=true, browserName=Android, locale=en, networkConnectionEnabled=true, desired={app=E:\QA\BreatheQA\breathe\qa\app\Breathe-debug.apk, orientation=PORTRAIT, platformName=Android, deviceName=My Emulator, locale=en}, locationContextEnabled=false, platformVersion=4.4.4, databaseEnabled=false, deviceName=192.168.206.101:5555, platformName=Android, webStorageEnabled=false, warnings={}, takesScreenshot=true}]
	at org.openqa.selenium.remote.ErrorHandler.createThrowable(ErrorHandler.java:204)
	at org.openqa.selenium.remote.ErrorHandler.throwIfResponseFailed(ErrorHandler.java:156)
	at org.openqa.selenium.remote.RemoteWebDriver.execute(RemoteWebDriver.java:605)
	at io.appium.java_client.AppiumDriver.execute(AppiumDriver.java:180)
	at org.openqa.selenium.remote.RemoteWebElement.execute(RemoteWebElement.java:269)
	at org.openqa.selenium.remote.RemoteWebElement.click(RemoteWebElement.java:80)
	at com.edifecs.breathe.qa.testcases.TestHealthAssessmentQuestions.verifyRadioAnswerSelection(TestHealthAssessmentQuestions.java:88)
	at com.edifecs.breathe.qa.testcases.RunTests.main(RunTests.java:80)
... Removed 24 stack frames]]>
    </failure>
  </testcase> <!-- verifyRadioAnswerSelection -->
</testsuite> <!-- Scenario4_Test2 -->
