<?xml version="1.0" encoding="UTF-8"?>
<!-- Generated by org.testng.reporters.JUnitXMLReporter -->
<testsuite hostname="IDCAMVERM01-WS" name="Scenario5_Test5" tests="2" failures="1" timestamp="14 Apr 2016 13:17:30 GMT" time="0.754" errors="0">
  <testcase name="verifyscore" time="0.623" classname="com.edifecs.breathe.qa.testcases.TestHealthRiskAssessmentSubmit">
    <failure type="java.lang.AssertionError" message="expected [15.0] but found [6.91]">
      <![CDATA[java.lang.AssertionError: expected [15.0] but found [6.91]
	at com.edifecs.breathe.qa.testcases.TestHealthRiskAssessmentSubmit.verifyscore(TestHealthRiskAssessmentSubmit.java:39)
	at com.edifecs.breathe.qa.testcases.RunTests.main(RunTests.java:102)
	at com.intellij.rt.execution.application.AppMain.main(AppMain.java:144)
... Removed 29 stack frames]]>
    </failure>
  </testcase> <!-- verifyscore -->
  <testcase name="verifybuttonstatus" time="0.131" classname="com.edifecs.breathe.qa.testcases.TestHealthRiskAssessmentSubmit"/>
</testsuite> <!-- Scenario5_Test5 -->
