<?xml version="1.0" encoding="UTF-8"?>
<!-- Generated by org.testng.reporters.JUnitXMLReporter -->
<testsuite hostname="IDCAMVERM01-WS" name="Scenario3_Test4" tests="6" failures="1" timestamp="15 Apr 2016 11:18:57 GMT" time="4.302" errors="0">
  <testcase name="verifyQuestionTitle" time="0.068" classname="com.edifecs.breathe.qa.testcases.TestHealthAssessmentQuestions"/>
  <testcase name="verifyAnswerOptionsCount" time="0.0" classname="com.edifecs.breathe.qa.testcases.TestHealthAssessmentQuestions"/>
  <testcase name="verifyAnswersText" time="0.232" classname="com.edifecs.breathe.qa.testcases.TestHealthAssessmentQuestions"/>
  <testcase name="verifyAnswerSelection" time="0.123" classname="com.edifecs.breathe.qa.testcases.TestHealthAssessmentQuestions">
    <failure type="java.lang.NumberFormatException" message="For input string: &amp;quot;1.0&amp;quot;">
      <![CDATA[java.lang.NumberFormatException: For input string: "1.0"
	at java.lang.NumberFormatException.forInputString(NumberFormatException.java:65)
	at java.lang.Integer.parseInt(Integer.java:492)
	at java.lang.Integer.parseInt(Integer.java:527)
	at com.edifecs.breathe.qa.testcases.TestHealthAssessmentQuestions.verifyAnswerSelection(TestHealthAssessmentQuestions.java:116)
	at com.edifecs.breathe.qa.testcases.RunTests.main(RunTests.java:102)
	at com.intellij.rt.execution.application.AppMain.main(AppMain.java:144)
... Removed 25 stack frames]]>
    </failure>
  </testcase> <!-- verifyAnswerSelection -->
  <testcase name="verifySubmitButton" time="0.027" classname="com.edifecs.breathe.qa.testcases.TestHealthAssessmentQuestions"/>
  <testcase name="verifyPreviousButton" time="0.044" classname="com.edifecs.breathe.qa.testcases.TestHealthAssessmentQuestions"/>
</testsuite> <!-- Scenario3_Test4 -->
