<?xml version="1.0" encoding="UTF-8"?>
<!-- Generated by org.testng.reporters.JUnitXMLReporter -->
<testsuite hostname="IDCAMVERM01-WS" name="TmpTest28" tests="2" failures="1" timestamp="14 Apr 2016 11:50:23 GMT" time="0.5" errors="0">
  <testcase name="verifyscore" time="0.436" classname="com.edifecs.breathe.qa.testcases.TestHealthRiskAssessmentSubmit">
    <failure type="java.lang.AssertionError" message="expected [3.0] but found [3.42]">
      <![CDATA[java.lang.AssertionError: expected [3.0] but found [3.42]
	at com.edifecs.breathe.qa.testcases.TestHealthRiskAssessmentSubmit.verifyscore(TestHealthRiskAssessmentSubmit.java:38)
	at com.edifecs.breathe.qa.testcases.RunTests.main(RunTests.java:100)
	at com.intellij.rt.execution.application.AppMain.main(AppMain.java:144)
... Removed 29 stack frames]]>
    </failure>
  </testcase> <!-- verifyscore -->
  <testcase name="verifybuttonstatus" time="0.062" classname="com.edifecs.breathe.qa.testcases.TestHealthRiskAssessmentSubmit"/>
</testsuite> <!-- TmpTest28 -->
