<?xml version="1.0" encoding="UTF-8"?>
<!-- Generated by org.testng.reporters.JUnitXMLReporter -->
<testsuite hostname="IDCAMVERM01-WS" name="TmpTest" tests="2" failures="1" timestamp="14 Apr 2016 13:33:00 GMT" time="30.582" errors="0">
  <testcase name="verifyQuestionTitle" time="0.0" classname="com.edifecs.breathe.qa.testcases.TestHealthRiskAssessment"/>
  <testcase name="verifybuttonstatus" time="0.108" classname="com.edifecs.breathe.qa.testcases.TestHealthRiskAssessment">
    <failure type="java.lang.AssertionError" message="expected [Not Completed] but found [NOT COMPLETED]">
      <![CDATA[java.lang.AssertionError: expected [Not Completed] but found [NOT COMPLETED]
	at com.edifecs.breathe.qa.testcases.TestHealthRiskAssessment.verifybuttonstatus(TestHealthRiskAssessment.java:86)
	at com.edifecs.breathe.qa.testcases.RunTests.main(RunTests.java:102)
	at com.intellij.rt.execution.application.AppMain.main(AppMain.java:144)
... Removed 30 stack frames]]>
    </failure>
  </testcase> <!-- verifybuttonstatus -->
</testsuite> <!-- TmpTest -->
