<?xml version="1.0" encoding="utf-8" ?>
<!DOCTYPE html PUBLIC "-//W3C//DTD XHTML 1.0 Strict//EN"
        "http://www.w3.org/TR/xhtml1/DTD/xhtml1-strict.dtd">
<html xmlns="http://www.w3.org/1999/xhtml" xml:lang="" lang="">
<head>
  <title>Test Results Report - Scenario4_Test1</title>
  <meta http-equiv="Content-Type" content="text/html;charset=utf-8" />
  <meta name="description" content="TestNG unit test results." />
  <link href="reportng.css" rel="stylesheet" type="text/css" />
    <script type="text/javascript" src="reportng.js"></script>
</head>
<body>
<h1>Scenario4_Test1</h1>
<p>
  Test duration: 22.460s
</p>

  <table class="resultsTable configTable">
    <tr><th colspan="3" class="header failedConfig">Failed Configuration</th></tr>
              <tr class="group">
        <td colspan="3">com.edifecs.breathe.qa.testcases.TestHealthAssessmentQuestions</td>
      </tr>
            
<tr>
  <td class="method">
                  moveToNextQuestion
      </td>
  <td class="duration">
    0.000s
  </td>
  <td class="result">
        
    
        

        <a href="javascript:toggleElement('exception-0', 'block')" title="Click to expand/collapse"><b>org.openqa.selenium.NoSuchElementException: An element could not be located on the page using the given search parameters. (WARNING: The server did not provide any stacktrace information)<br/>
Command duration or timeout: 11.19 seconds<br/>
For documentation on this error, please visit: http://seleniumhq.org/exceptions/no_such_element.html<br/>
Build info: version: &apos;2.47.1&apos;, revision: &apos;unknown&apos;, time: &apos;2015-07-30 11:02:44&apos;<br/>
System info: host: &apos;IDCAMVERM01-WS&apos;, ip: &apos;169.254.119.183&apos;, os.name: &apos;Windows 7&apos;, os.arch: &apos;amd64&apos;, os.version: &apos;6.1&apos;, java.version: &apos;1.7.0_25&apos;<br/>
Session ID: e96e75e1-3a6e-4e6c-b734-de8e10a11973<br/>
Driver info: io.appium.java_client.android.AndroidDriver<br/>
Capabilities [{platform=LINUX, app=E:\QA\BreatheQA\breathe\qa\app\Breathe-debug.apk, orientation=PORTRAIT, javascriptEnabled=true, browserName=Android, locale=en, networkConnectionEnabled=true, desired={app=E:\QA\BreatheQA\breathe\qa\app\Breathe-debug.apk, orientation=PORTRAIT, platformName=Android, deviceName=My Emulator, locale=en}, locationContextEnabled=false, platformVersion=4.4.4, databaseEnabled=false, deviceName=192.168.206.101:5555, platformName=Android, webStorageEnabled=false, warnings={}, takesScreenshot=true}]</b></a><br />
    <div class="stackTrace" id="exception-0">
              sun.reflect.GeneratedConstructorAccessor30.newInstance(Unknown Source)<br />
              sun.reflect.DelegatingConstructorAccessorImpl.newInstance(DelegatingConstructorAccessorImpl.java:45)<br />
              java.lang.reflect.Constructor.newInstance(Constructor.java:526)<br />
              org.openqa.selenium.remote.ErrorHandler.createThrowable(ErrorHandler.java:204)<br />
              org.openqa.selenium.remote.ErrorHandler.throwIfResponseFailed(ErrorHandler.java:156)<br />
              org.openqa.selenium.remote.RemoteWebDriver.execute(RemoteWebDriver.java:605)<br />
              io.appium.java_client.AppiumDriver.execute(AppiumDriver.java:180)<br />
              org.openqa.selenium.remote.RemoteWebElement.execute(RemoteWebElement.java:269)<br />
              org.openqa.selenium.remote.RemoteWebElement.click(RemoteWebElement.java:80)<br />
              com.edifecs.breathe.qa.functions.StandardFunctions.click(StandardFunctions.java:11)<br />
              com.edifecs.breathe.qa.testcases.TestHealthAssessmentQuestions.moveToNextQuestion(TestHealthAssessmentQuestions.java:96)<br />
              sun.reflect.NativeMethodAccessorImpl.invoke0(Native Method)<br />
              sun.reflect.NativeMethodAccessorImpl.invoke(NativeMethodAccessorImpl.java:57)<br />
              sun.reflect.DelegatingMethodAccessorImpl.invoke(DelegatingMethodAccessorImpl.java:43)<br />
              java.lang.reflect.Method.invoke(Method.java:606)<br />
              org.testng.internal.MethodInvocationHelper.invokeMethod(MethodInvocationHelper.java:85)<br />
              org.testng.internal.Invoker.invokeConfigurationMethod(Invoker.java:510)<br />
              org.testng.internal.Invoker.invokeConfigurations(Invoker.java:211)<br />
              org.testng.internal.Invoker.invokeConfigurations(Invoker.java:138)<br />
              org.testng.internal.TestMethodWorker.invokeAfterClassMethods(TestMethodWorker.java:220)<br />
              org.testng.internal.TestMethodWorker.run(TestMethodWorker.java:111)<br />
              org.testng.TestRunner.privateRun(TestRunner.java:774)<br />
              org.testng.TestRunner.run(TestRunner.java:624)<br />
              org.testng.SuiteRunner.runTest(SuiteRunner.java:359)<br />
              org.testng.SuiteRunner.runSequentially(SuiteRunner.java:354)<br />
              org.testng.SuiteRunner.privateRun(SuiteRunner.java:312)<br />
              org.testng.SuiteRunner.run(SuiteRunner.java:261)<br />
              org.testng.SuiteRunnerWorker.runSuite(SuiteRunnerWorker.java:52)<br />
              org.testng.SuiteRunnerWorker.run(SuiteRunnerWorker.java:86)<br />
              org.testng.TestNG.runSuitesSequentially(TestNG.java:1191)<br />
              org.testng.TestNG.runSuitesLocally(TestNG.java:1116)<br />
              org.testng.TestNG.run(TestNG.java:1024)<br />
              com.edifecs.breathe.qa.testcases.RunTests.main(RunTests.java:80)<br />
                </div>
      </td>
</tr>
    
      </table>


  <table class="resultsTable">
    <tr><th colspan="3" class="header failed">Failed Tests</th></tr>
          <tr>
        <td colspan="3" class="group">com.edifecs.breathe.qa.testcases.TestHealthAssessmentQuestions</td>
      </tr>
            
<tr>
  <td class="method">
                  verifyRadioAnswerSelection
      </td>
  <td class="duration">
    11.223s
  </td>
  <td class="result">
        
    
        

        <a href="javascript:toggleElement('exception-1', 'block')" title="Click to expand/collapse"><b>org.openqa.selenium.NoSuchElementException: An element could not be located on the page using the given search parameters. (WARNING: The server did not provide any stacktrace information)<br/>
Command duration or timeout: 11.22 seconds<br/>
For documentation on this error, please visit: http://seleniumhq.org/exceptions/no_such_element.html<br/>
Build info: version: &apos;2.47.1&apos;, revision: &apos;unknown&apos;, time: &apos;2015-07-30 11:02:44&apos;<br/>
System info: host: &apos;IDCAMVERM01-WS&apos;, ip: &apos;169.254.119.183&apos;, os.name: &apos;Windows 7&apos;, os.arch: &apos;amd64&apos;, os.version: &apos;6.1&apos;, java.version: &apos;1.7.0_25&apos;<br/>
Session ID: e96e75e1-3a6e-4e6c-b734-de8e10a11973<br/>
Driver info: io.appium.java_client.android.AndroidDriver<br/>
Capabilities [{platform=LINUX, app=E:\QA\BreatheQA\breathe\qa\app\Breathe-debug.apk, orientation=PORTRAIT, javascriptEnabled=true, browserName=Android, locale=en, networkConnectionEnabled=true, desired={app=E:\QA\BreatheQA\breathe\qa\app\Breathe-debug.apk, orientation=PORTRAIT, platformName=Android, deviceName=My Emulator, locale=en}, locationContextEnabled=false, platformVersion=4.4.4, databaseEnabled=false, deviceName=192.168.206.101:5555, platformName=Android, webStorageEnabled=false, warnings={}, takesScreenshot=true}]</b></a><br />
    <div class="stackTrace" id="exception-1">
              sun.reflect.GeneratedConstructorAccessor30.newInstance(Unknown Source)<br />
              sun.reflect.DelegatingConstructorAccessorImpl.newInstance(DelegatingConstructorAccessorImpl.java:45)<br />
              java.lang.reflect.Constructor.newInstance(Constructor.java:526)<br />
              org.openqa.selenium.remote.ErrorHandler.createThrowable(ErrorHandler.java:204)<br />
              org.openqa.selenium.remote.ErrorHandler.throwIfResponseFailed(ErrorHandler.java:156)<br />
              org.openqa.selenium.remote.RemoteWebDriver.execute(RemoteWebDriver.java:605)<br />
              io.appium.java_client.AppiumDriver.execute(AppiumDriver.java:180)<br />
              org.openqa.selenium.remote.RemoteWebElement.execute(RemoteWebElement.java:269)<br />
              org.openqa.selenium.remote.RemoteWebElement.click(RemoteWebElement.java:80)<br />
              com.edifecs.breathe.qa.testcases.TestHealthAssessmentQuestions.verifyRadioAnswerSelection(TestHealthAssessmentQuestions.java:88)<br />
              sun.reflect.NativeMethodAccessorImpl.invoke0(Native Method)<br />
              sun.reflect.NativeMethodAccessorImpl.invoke(NativeMethodAccessorImpl.java:57)<br />
              sun.reflect.DelegatingMethodAccessorImpl.invoke(DelegatingMethodAccessorImpl.java:43)<br />
              java.lang.reflect.Method.invoke(Method.java:606)<br />
              org.testng.internal.MethodInvocationHelper.invokeMethod(MethodInvocationHelper.java:85)<br />
              org.testng.internal.Invoker.invokeMethod(Invoker.java:639)<br />
              org.testng.internal.Invoker.invokeTestMethod(Invoker.java:816)<br />
              org.testng.internal.Invoker.invokeTestMethods(Invoker.java:1124)<br />
              org.testng.internal.TestMethodWorker.invokeTestMethods(TestMethodWorker.java:125)<br />
              org.testng.internal.TestMethodWorker.run(TestMethodWorker.java:108)<br />
              org.testng.TestRunner.privateRun(TestRunner.java:774)<br />
              org.testng.TestRunner.run(TestRunner.java:624)<br />
              org.testng.SuiteRunner.runTest(SuiteRunner.java:359)<br />
              org.testng.SuiteRunner.runSequentially(SuiteRunner.java:354)<br />
              org.testng.SuiteRunner.privateRun(SuiteRunner.java:312)<br />
              org.testng.SuiteRunner.run(SuiteRunner.java:261)<br />
              org.testng.SuiteRunnerWorker.runSuite(SuiteRunnerWorker.java:52)<br />
              org.testng.SuiteRunnerWorker.run(SuiteRunnerWorker.java:86)<br />
              org.testng.TestNG.runSuitesSequentially(TestNG.java:1191)<br />
              org.testng.TestNG.runSuitesLocally(TestNG.java:1116)<br />
              org.testng.TestNG.run(TestNG.java:1024)<br />
              com.edifecs.breathe.qa.testcases.RunTests.main(RunTests.java:80)<br />
                </div>
      </td>
</tr>
      </table>


  <table class="resultsTable">
    <tr><th colspan="3" class="header passed">Passed Tests</th></tr>
          <tr>
        <td colspan="3" class="group">com.edifecs.breathe.qa.testcases.TestHealthAssessmentQuestions</td>
      </tr>
            
<tr>
  <td class="method">
                  verifyAnswerOptionsCount
      </td>
  <td class="duration">
    0.000s
  </td>
  <td class="result">
        
    
        

      </td>
</tr>
<tr>
  <td class="method">
                  verifyAnswersText
      </td>
  <td class="duration">
    11.235s
  </td>
  <td class="result">
        
    
        

      </td>
</tr>
<tr>
  <td class="method">
                  verifyQuestionTitle
      </td>
  <td class="duration">
    0.001s
  </td>
  <td class="result">
        
    
        

      </td>
</tr>
      </table>
  
</body>
</html>
